{"C:\\Users\\KratiGupta\\Desktop\\FINALGRABIES\\Grabies\\frontend\\src\\App.tsx": {"path":"C:\\Users\\KratiGupta\\Desktop\\FINALGRABIES\\Grabies\\frontend\\src\\App.tsx","statementMap":{"0":{"start":{"line":1,"column":0},"end":{"line":1,"column":45}},"1":{"start":{"line":2,"column":0},"end":{"line":2,"column":32}},"2":{"start":{"line":3,"column":0},"end":{"line":3,"column":34}},"3":{"start":{"line":4,"column":0},"end":{"line":4,"column":36}},"4":{"start":{"line":5,"column":0},"end":{"line":5,"column":52}},"5":{"start":{"line":6,"column":0},"end":{"line":6,"column":32}},"6":{"start":{"line":7,"column":0},"end":{"line":7,"column":40}},"7":{"start":{"line":8,"column":0},"end":{"line":8,"column":38}},"8":{"start":{"line":9,"column":0},"end":{"line":9,"column":48}},"9":{"start":{"line":10,"column":0},"end":{"line":10,"column":48}},"10":{"start":{"line":11,"column":0},"end":{"line":11,"column":34}},"11":{"start":{"line":12,"column":0},"end":{"line":12,"column":40}},"12":{"start":{"line":13,"column":0},"end":{"line":13,"column":52}},"13":{"start":{"line":14,"column":0},"end":{"line":14,"column":38}},"14":{"start":{"line":15,"column":0},"end":{"line":15,"column":52}},"15":{"start":{"line":16,"column":0},"end":{"line":16,"column":60}},"16":{"start":{"line":17,"column":0},"end":{"line":17,"column":50}},"17":{"start":{"line":18,"column":0},"end":{"line":18,"column":42}},"18":{"start":{"line":19,"column":0},"end":{"line":19,"column":50}},"19":{"start":{"line":22,"column":2},"end":{"line":59,"column":4}},"20":{"start":{"line":62,"column":0},"end":{"line":62,"column":19}}},"fnMap":{"0":{"name":"App","decl":{"start":{"line":21,"column":9},"end":{"line":21,"column":12}},"loc":{"start":{"line":21,"column":12},"end":{"line":60,"column":1}}}},"branchMap":{},"s":{"0":0,"1":0,"2":0,"3":0,"4":0,"5":0,"6":0,"7":0,"8":0,"9":0,"10":0,"11":0,"12":0,"13":0,"14":0,"15":0,"16":0,"17":0,"18":0,"19":0,"20":0},"f":{"0":0},"b":{}}
,"C:\\Users\\KratiGupta\\Desktop\\FINALGRABIES\\Grabies\\frontend\\src\\main.tsx": {"path":"C:\\Users\\KratiGupta\\Desktop\\FINALGRABIES\\Grabies\\frontend\\src\\main.tsx","statementMap":{"0":{"start":{"line":1,"column":0},"end":{"line":1,"column":25}},"1":{"start":{"line":2,"column":1},"end":{"line":2,"column":40}},"2":{"start":{"line":3,"column":0},"end":{"line":3,"column":23}},"3":{"start":{"line":4,"column":0},"end":{"line":4,"column":20}},"4":{"start":{"line":5,"column":0},"end":{"line":5,"column":44}},"5":{"start":{"line":6,"column":0},"end":{"line":6,"column":52}},"6":{"start":{"line":7,"column":0},"end":{"line":7,"column":52}},"7":{"start":{"line":10,"column":0},"end":{"line":23,"column":null}}},"fnMap":{},"branchMap":{},"s":{"0":0,"1":0,"2":0,"3":0,"4":0,"5":0,"6":0,"7":0},"f":{},"b":{}}
,"C:\\Users\\KratiGupta\\Desktop\\FINALGRABIES\\Grabies\\frontend\\src\\components\\Layout\\Footer.tsx": {"path":"C:\\Users\\KratiGupta\\Desktop\\FINALGRABIES\\Grabies\\frontend\\src\\components\\Layout\\Footer.tsx","statementMap":{"0":{"start":{"line":1,"column":0},"end":{"line":1,"column":24}},"1":{"start":{"line":2,"column":2},"end":{"line":83,"column":4}}},"fnMap":{"0":{"name":"Footer","decl":{"start":{"line":1,"column":24},"end":{"line":1,"column":30}},"loc":{"start":{"line":1,"column":30},"end":{"line":84,"column":1}}}},"branchMap":{},"s":{"0":0,"1":0},"f":{"0":0},"b":{}}
,"C:\\Users\\KratiGupta\\Desktop\\FINALGRABIES\\Grabies\\frontend\\src\\components\\Layout\\Navbar.tsx": {"path":"C:\\Users\\KratiGupta\\Desktop\\FINALGRABIES\\Grabies\\frontend\\src\\components\\Layout\\Navbar.tsx","statementMap":{"0":{"start":{"line":21,"column":0},"end":{"line":21,"column":24}},"1":{"start":{"line":1,"column":0},"end":{"line":1,"column":null}},"2":{"start":{"line":7,"column":0},"end":{"line":7,"column":null}},"3":{"start":{"line":13,"column":0},"end":{"line":13,"column":53}},"4":{"start":{"line":14,"column":0},"end":{"line":14,"column":65}},"5":{"start":{"line":15,"column":0},"end":{"line":15,"column":48}},"6":{"start":{"line":16,"column":0},"end":{"line":16,"column":48}},"7":{"start":{"line":17,"column":0},"end":{"line":17,"column":38}},"8":{"start":{"line":18,"column":0},"end":{"line":18,"column":48}},"9":{"start":{"line":19,"column":0},"end":{"line":19,"column":44}},"10":{"start":{"line":22,"column":30},"end":{"line":22,"column":39}},"11":{"start":{"line":23,"column":19},"end":{"line":23,"column":32}},"12":{"start":{"line":24,"column":38},"end":{"line":24,"column":47}},"13":{"start":{"line":25,"column":40},"end":{"line":25,"column":52}},"14":{"start":{"line":26,"column":50},"end":{"line":26,"column":65}},"15":{"start":{"line":27,"column":38},"end":{"line":27,"column":53}},"16":{"start":{"line":29,"column":29},"end":{"line":37,"column":3}},"17":{"start":{"line":30,"column":4},"end":{"line":30,"column":23}},"18":{"start":{"line":31,"column":4},"end":{"line":36,"column":5}},"19":{"start":{"line":32,"column":6},"end":{"line":32,"column":70}},"20":{"start":{"line":33,"column":6},"end":{"line":33,"column":25}},"21":{"start":{"line":34,"column":6},"end":{"line":34,"column":33}},"22":{"start":{"line":35,"column":6},"end":{"line":35,"column":27}},"23":{"start":{"line":39,"column":2},"end":{"line":41,"column":9}},"24":{"start":{"line":40,"column":4},"end":{"line":40,"column":18}},"25":{"start":{"line":43,"column":2},"end":{"line":266,"column":4}},"26":{"start":{"line":55,"column":14},"end":{"line":55,"column":null}},"27":{"start":{"line":77,"column":31},"end":{"line":77,"column":50}},"28":{"start":{"line":94,"column":35},"end":{"line":94,"column":65}},"29":{"start":{"line":107,"column":33},"end":{"line":107,"column":53}},"30":{"start":{"line":135,"column":31},"end":{"line":135,"column":52}},"31":{"start":{"line":143,"column":31},"end":{"line":143,"column":48}},"32":{"start":{"line":163,"column":31},"end":{"line":163,"column":67}},"33":{"start":{"line":163,"column":61},"end":{"line":163,"column":66}},"34":{"start":{"line":179,"column":37},"end":{"line":179,"column":67}},"35":{"start":{"line":192,"column":31},"end":{"line":192,"column":52}},"36":{"start":{"line":200,"column":31},"end":{"line":200,"column":48}},"37":{"start":{"line":229,"column":16},"end":{"line":229,"column":44}}},"fnMap":{"0":{"name":"Navbar","decl":{"start":{"line":21,"column":24},"end":{"line":21,"column":30}},"loc":{"start":{"line":21,"column":30},"end":{"line":267,"column":1}}},"1":{"name":"(anonymous_2)","decl":{"start":{"line":29,"column":29},"end":{"line":29,"column":30}},"loc":{"start":{"line":29,"column":52},"end":{"line":37,"column":3}}},"2":{"name":"(anonymous_3)","decl":{"start":{"line":39,"column":12},"end":{"line":39,"column":15}},"loc":{"start":{"line":39,"column":17},"end":{"line":41,"column":3}}},"3":{"name":"(anonymous_4)","decl":{"start":{"line":54,"column":50},"end":{"line":54,"column":51}},"loc":{"start":{"line":55,"column":14},"end":{"line":55,"column":null}}},"4":{"name":"(anonymous_5)","decl":{"start":{"line":77,"column":25},"end":{"line":77,"column":28}},"loc":{"start":{"line":77,"column":31},"end":{"line":77,"column":50}}},"5":{"name":"(anonymous_6)","decl":{"start":{"line":94,"column":28},"end":{"line":94,"column":29}},"loc":{"start":{"line":94,"column":35},"end":{"line":94,"column":65}}},"6":{"name":"(anonymous_7)","decl":{"start":{"line":107,"column":27},"end":{"line":107,"column":30}},"loc":{"start":{"line":107,"column":33},"end":{"line":107,"column":53}}},"7":{"name":"(anonymous_8)","decl":{"start":{"line":135,"column":25},"end":{"line":135,"column":28}},"loc":{"start":{"line":135,"column":31},"end":{"line":135,"column":52}}},"8":{"name":"(anonymous_9)","decl":{"start":{"line":143,"column":25},"end":{"line":143,"column":28}},"loc":{"start":{"line":143,"column":31},"end":{"line":143,"column":48}}},"9":{"name":"(anonymous_10)","decl":{"start":{"line":163,"column":25},"end":{"line":163,"column":28}},"loc":{"start":{"line":163,"column":31},"end":{"line":163,"column":67}}},"10":{"name":"(anonymous_11)","decl":{"start":{"line":163,"column":51},"end":{"line":163,"column":52}},"loc":{"start":{"line":163,"column":61},"end":{"line":163,"column":66}}},"11":{"name":"(anonymous_12)","decl":{"start":{"line":179,"column":30},"end":{"line":179,"column":31}},"loc":{"start":{"line":179,"column":37},"end":{"line":179,"column":67}}},"12":{"name":"(anonymous_13)","decl":{"start":{"line":192,"column":25},"end":{"line":192,"column":28}},"loc":{"start":{"line":192,"column":31},"end":{"line":192,"column":52}}},"13":{"name":"(anonymous_14)","decl":{"start":{"line":200,"column":25},"end":{"line":200,"column":28}},"loc":{"start":{"line":200,"column":31},"end":{"line":200,"column":48}}},"14":{"name":"(anonymous_15)","decl":{"start":{"line":228,"column":20},"end":{"line":228,"column":21}},"loc":{"start":{"line":229,"column":16},"end":{"line":229,"column":44}}}},"branchMap":{"0":{"loc":{"start":{"line":31,"column":4},"end":{"line":36,"column":5}},"type":"if","locations":[{"start":{"line":31,"column":4},"end":{"line":36,"column":5}},{"start":{},"end":{}}]},"1":{"loc":{"start":{"line":74,"column":13},"end":{"line":81,"column":null}},"type":"binary-expr","locations":[{"start":{"line":74,"column":13},"end":{"line":74,"column":24}},{"start":{"line":75,"column":14},"end":{"line":80,"column":null}}]},"2":{"loc":{"start":{"line":85,"column":13},"end":{"line":113,"column":null}},"type":"binary-expr","locations":[{"start":{"line":85,"column":13},"end":{"line":85,"column":23}},{"start":{"line":86,"column":14},"end":{"line":112,"column":null}}]},"3":{"loc":{"start":{"line":118,"column":11},"end":{"line":154,"column":null}},"type":"cond-expr","locations":[{"start":{"line":119,"column":12},"end":{"line":129,"column":null}},{"start":{"line":132,"column":12},"end":{"line":153,"column":null}}]},"4":{"loc":{"start":{"line":147,"column":17},"end":{"line":150,"column":null}},"type":"binary-expr","locations":[{"start":{"line":147,"column":17},"end":{"line":147,"column":31}},{"start":{"line":148,"column":18},"end":{"line":149,"column":null}}]},"5":{"loc":{"start":{"line":170,"column":15},"end":{"line":183,"column":null}},"type":"binary-expr","locations":[{"start":{"line":170,"column":15},"end":{"line":170,"column":31}},{"start":{"line":171,"column":16},"end":{"line":182,"column":null}}]},"6":{"loc":{"start":{"line":186,"column":11},"end":{"line":212,"column":null}},"type":"binary-expr","locations":[{"start":{"line":186,"column":11},"end":{"line":186,"column":26}},{"start":{"line":187,"column":12},"end":{"line":211,"column":null}}]},"7":{"loc":{"start":{"line":204,"column":17},"end":{"line":207,"column":null}},"type":"binary-expr","locations":[{"start":{"line":204,"column":17},"end":{"line":204,"column":31}},{"start":{"line":205,"column":18},"end":{"line":206,"column":null}}]},"8":{"loc":{"start":{"line":241,"column":15},"end":{"line":259,"column":null}},"type":"binary-expr","locations":[{"start":{"line":241,"column":15},"end":{"line":241,"column":31}},{"start":{"line":242,"column":16},"end":{"line":258,"column":null}}]}},"s":{"0":0,"1":0,"2":0,"3":0,"4":0,"5":0,"6":0,"7":0,"8":0,"9":0,"10":0,"11":0,"12":0,"13":0,"14":0,"15":0,"16":0,"17":0,"18":0,"19":0,"20":0,"21":0,"22":0,"23":0,"24":0,"25":0,"26":0,"27":0,"28":0,"29":0,"30":0,"31":0,"32":0,"33":0,"34":0,"35":0,"36":0,"37":0},"f":{"0":0,"1":0,"2":0,"3":0,"4":0,"5":0,"6":0,"7":0,"8":0,"9":0,"10":0,"11":0,"12":0,"13":0,"14":0},"b":{"0":[0,0],"1":[0,0],"2":[0,0],"3":[0,0],"4":[0,0],"5":[0,0],"6":[0,0],"7":[0,0],"8":[0,0]}}
,"C:\\Users\\KratiGupta\\Desktop\\FINALGRABIES\\Grabies\\frontend\\src\\components\\auth\\LoginForm.tsx": {"path":"C:\\Users\\KratiGupta\\Desktop\\FINALGRABIES\\Grabies\\frontend\\src\\components\\auth\\LoginForm.tsx","statementMap":{"0":{"start":{"line":21,"column":0},"end":{"line":21,"column":24}},"1":{"start":{"line":1,"column":0},"end":{"line":1,"column":42}},"2":{"start":{"line":2,"column":0},"end":{"line":2,"column":24}},"3":{"start":{"line":3,"column":0},"end":{"line":3,"column":54}},"4":{"start":{"line":4,"column":0},"end":{"line":4,"column":46}},"5":{"start":{"line":5,"column":0},"end":{"line":5,"column":46}},"6":{"start":{"line":6,"column":0},"end":{"line":6,"column":48}},"7":{"start":{"line":7,"column":0},"end":{"line":7,"column":91}},"8":{"start":{"line":8,"column":0},"end":{"line":8,"column":47}},"9":{"start":{"line":9,"column":0},"end":{"line":9,"column":34}},"10":{"start":{"line":10,"column":0},"end":{"line":10,"column":48}},"11":{"start":{"line":12,"column":20},"end":{"line":17,"column":2}},"12":{"start":{"line":26,"column":6},"end":{"line":28,"column":4}},"13":{"start":{"line":30,"column":19},"end":{"line":30,"column":32}},"14":{"start":{"line":31,"column":22},"end":{"line":31,"column":31}},"15":{"start":{"line":33,"column":19},"end":{"line":41,"column":3}},"16":{"start":{"line":34,"column":4},"end":{"line":40,"column":5}},"17":{"start":{"line":35,"column":18},"end":{"line":35,"column":56}},"18":{"start":{"line":36,"column":6},"end":{"line":36,"column":29}},"19":{"start":{"line":37,"column":6},"end":{"line":37,"column":20}},"20":{"start":{"line":39,"column":6},"end":{"line":39,"column":60}},"21":{"start":{"line":43,"column":2},"end":{"line":92,"column":4}}},"fnMap":{"0":{"name":"LoginForm","decl":{"start":{"line":21,"column":24},"end":{"line":21,"column":33}},"loc":{"start":{"line":21,"column":33},"end":{"line":93,"column":1}}},"1":{"name":"(anonymous_1)","decl":{"start":{"line":33,"column":19},"end":{"line":33,"column":24}},"loc":{"start":{"line":33,"column":51},"end":{"line":41,"column":3}}}},"branchMap":{"0":{"loc":{"start":{"line":66,"column":15},"end":{"line":67,"column":null}},"type":"binary-expr","locations":[{"start":{"line":66,"column":15},"end":{"line":66,"column":27}},{"start":{"line":67,"column":16},"end":{"line":67,"column":78}}]},"1":{"loc":{"start":{"line":75,"column":15},"end":{"line":78,"column":null}},"type":"binary-expr","locations":[{"start":{"line":75,"column":15},"end":{"line":75,"column":30}},{"start":{"line":76,"column":16},"end":{"line":77,"column":null}}]}},"s":{"0":1,"1":1,"2":1,"3":1,"4":1,"5":1,"6":1,"7":1,"8":1,"9":1,"10":1,"11":1,"12":11,"13":11,"14":11,"15":11,"16":2,"17":2,"18":1,"19":1,"20":1,"21":11},"f":{"0":11,"1":2},"b":{"0":[11,1],"1":[11,1]}}
,"C:\\Users\\KratiGupta\\Desktop\\FINALGRABIES\\Grabies\\frontend\\src\\components\\auth\\SignupForm.tsx": {"path":"C:\\Users\\KratiGupta\\Desktop\\FINALGRABIES\\Grabies\\frontend\\src\\components\\auth\\SignupForm.tsx","statementMap":{"0":{"start":{"line":28,"column":0},"end":{"line":28,"column":24}},"1":{"start":{"line":1,"column":0},"end":{"line":1,"column":41}},"2":{"start":{"line":2,"column":0},"end":{"line":2,"column":23}},"3":{"start":{"line":3,"column":0},"end":{"line":3,"column":53}},"4":{"start":{"line":4,"column":0},"end":{"line":4,"column":91}},"5":{"start":{"line":5,"column":0},"end":{"line":5,"column":45}},"6":{"start":{"line":6,"column":0},"end":{"line":6,"column":45}},"7":{"start":{"line":7,"column":0},"end":{"line":7,"column":47}},"8":{"start":{"line":8,"column":0},"end":{"line":8,"column":46}},"9":{"start":{"line":9,"column":0},"end":{"line":9,"column":34}},"10":{"start":{"line":10,"column":0},"end":{"line":10,"column":47}},"11":{"start":{"line":13,"column":21},"end":{"line":24,"column":2}},"12":{"start":{"line":29,"column":15},"end":{"line":31,"column":4}},"13":{"start":{"line":37,"column":6},"end":{"line":37,"column":10}},"14":{"start":{"line":39,"column":22},"end":{"line":39,"column":31}},"15":{"start":{"line":40,"column":19},"end":{"line":40,"column":32}},"16":{"start":{"line":42,"column":19},"end":{"line":50,"column":3}},"17":{"start":{"line":43,"column":4},"end":{"line":49,"column":5}},"18":{"start":{"line":44,"column":18},"end":{"line":44,"column":36}},"19":{"start":{"line":45,"column":6},"end":{"line":45,"column":null}},"20":{"start":{"line":46,"column":6},"end":{"line":46,"column":null}},"21":{"start":{"line":48,"column":6},"end":{"line":48,"column":null}},"22":{"start":{"line":52,"column":2},"end":{"line":138,"column":null}}},"fnMap":{"0":{"name":"SignupForm","decl":{"start":{"line":28,"column":24},"end":{"line":28,"column":34}},"loc":{"start":{"line":28,"column":34},"end":{"line":139,"column":1}}},"1":{"name":"(anonymous_1)","decl":{"start":{"line":42,"column":19},"end":{"line":42,"column":24}},"loc":{"start":{"line":42,"column":52},"end":{"line":50,"column":3}}}},"branchMap":{"0":{"loc":{"start":{"line":78,"column":17},"end":{"line":78,"column":93}},"type":"binary-expr","locations":[{"start":{"line":78,"column":17},"end":{"line":78,"column":28}},{"start":{"line":78,"column":32},"end":{"line":78,"column":93}}]},"1":{"loc":{"start":{"line":85,"column":17},"end":{"line":85,"column":95}},"type":"binary-expr","locations":[{"start":{"line":85,"column":17},"end":{"line":85,"column":29}},{"start":{"line":85,"column":33},"end":{"line":85,"column":95}}]},"2":{"loc":{"start":{"line":92,"column":17},"end":{"line":92,"column":99}},"type":"binary-expr","locations":[{"start":{"line":92,"column":17},"end":{"line":92,"column":31}},{"start":{"line":92,"column":35},"end":{"line":92,"column":99}}]},"3":{"loc":{"start":{"line":99,"column":17},"end":{"line":99,"column":126}},"type":"binary-expr","locations":[{"start":{"line":99,"column":17},"end":{"line":99,"column":45}},{"start":{"line":99,"column":49},"end":{"line":99,"column":126}}]},"4":{"loc":{"start":{"line":107,"column":19},"end":{"line":107,"column":112}},"type":"binary-expr","locations":[{"start":{"line":107,"column":19},"end":{"line":107,"column":39}},{"start":{"line":107,"column":43},"end":{"line":107,"column":112}}]},"5":{"loc":{"start":{"line":112,"column":19},"end":{"line":112,"column":118}},"type":"binary-expr","locations":[{"start":{"line":112,"column":19},"end":{"line":112,"column":42}},{"start":{"line":112,"column":46},"end":{"line":112,"column":118}}]},"6":{"loc":{"start":{"line":120,"column":17},"end":{"line":120,"column":112}},"type":"binary-expr","locations":[{"start":{"line":120,"column":17},"end":{"line":120,"column":38}},{"start":{"line":120,"column":42},"end":{"line":120,"column":112}}]},"7":{"loc":{"start":{"line":127,"column":17},"end":{"line":127,"column":101}},"type":"binary-expr","locations":[{"start":{"line":127,"column":17},"end":{"line":127,"column":32}},{"start":{"line":127,"column":36},"end":{"line":127,"column":101}}]}},"s":{"0":1,"1":1,"2":1,"3":1,"4":1,"5":1,"6":1,"7":1,"8":1,"9":1,"10":1,"11":1,"12":11,"13":11,"14":11,"15":11,"16":11,"17":2,"18":2,"19":1,"20":1,"21":1,"22":11},"f":{"0":11,"1":2},"b":{"0":[11,1],"1":[11,1],"2":[11,1],"3":[11,1],"4":[11,1],"5":[11,1],"6":[11,1],"7":[11,1]}}
,"C:\\Users\\KratiGupta\\Desktop\\FINALGRABIES\\Grabies\\frontend\\src\\components\\product\\ExploreMoreFood.tsx": {"path":"C:\\Users\\KratiGupta\\Desktop\\FINALGRABIES\\Grabies\\frontend\\src\\components\\product\\ExploreMoreFood.tsx","statementMap":{"0":{"start":{"line":19,"column":0},"end":{"line":19,"column":24}},"1":{"start":{"line":1,"column":0},"end":{"line":1,"column":47}},"2":{"start":{"line":3,"column":19},"end":{"line":17,"column":2}},"3":{"start":{"line":20,"column":19},"end":{"line":20,"column":32}},"4":{"start":{"line":22,"column":2},"end":{"line":54,"column":4}},"5":{"start":{"line":30,"column":12},"end":{"line":31,"column":null}},"6":{"start":{"line":34,"column":16},"end":{"line":36,"column":18}}},"fnMap":{"0":{"name":"ExploreMoreFood","decl":{"start":{"line":19,"column":24},"end":{"line":19,"column":39}},"loc":{"start":{"line":19,"column":39},"end":{"line":55,"column":1}}},"1":{"name":"(anonymous_1)","decl":{"start":{"line":29,"column":26},"end":{"line":29,"column":27}},"loc":{"start":{"line":30,"column":12},"end":{"line":31,"column":null}}},"2":{"name":"(anonymous_2)","decl":{"start":{"line":33,"column":23},"end":{"line":33,"column":26}},"loc":{"start":{"line":34,"column":16},"end":{"line":36,"column":18}}}},"branchMap":{},"s":{"0":0,"1":0,"2":0,"3":0,"4":0,"5":0,"6":0},"f":{"0":0,"1":0,"2":0},"b":{}}
,"C:\\Users\\KratiGupta\\Desktop\\FINALGRABIES\\Grabies\\frontend\\src\\components\\product\\ProductCard.tsx": {"path":"C:\\Users\\KratiGupta\\Desktop\\FINALGRABIES\\Grabies\\frontend\\src\\components\\product\\ProductCard.tsx","statementMap":{"0":{"start":{"line":12,"column":0},"end":{"line":12,"column":24}},"1":{"start":{"line":1,"column":0},"end":{"line":1,"column":53}},"2":{"start":{"line":19,"column":2},"end":{"line":77,"column":4}},"3":{"start":{"line":37,"column":16},"end":{"line":37,"column":36}},"4":{"start":{"line":38,"column":16},"end":{"line":38,"column":42}},"5":{"start":{"line":61,"column":12},"end":{"line":61,"column":32}},"6":{"start":{"line":62,"column":12},"end":{"line":62,"column":33}}},"fnMap":{"0":{"name":"ProductCard","decl":{"start":{"line":12,"column":24},"end":{"line":12,"column":35}},"loc":{"start":{"line":18,"column":8},"end":{"line":78,"column":1}}},"1":{"name":"(anonymous_1)","decl":{"start":{"line":36,"column":23},"end":{"line":36,"column":24}},"loc":{"start":{"line":36,"column":29},"end":{"line":39,"column":15}}},"2":{"name":"(anonymous_2)","decl":{"start":{"line":60,"column":19},"end":{"line":60,"column":20}},"loc":{"start":{"line":60,"column":25},"end":{"line":63,"column":11}}}},"branchMap":{"0":{"loc":{"start":{"line":17,"column":2},"end":{"line":17,"column":25}},"type":"default-arg","locations":[{"start":{"line":17,"column":21},"end":{"line":17,"column":25}}]},"1":{"loc":{"start":{"line":34,"column":11},"end":{"line":44,"column":null}},"type":"binary-expr","locations":[{"start":{"line":34,"column":11},"end":{"line":34,"column":27}},{"start":{"line":35,"column":12},"end":{"line":43,"column":null}}]},"2":{"loc":{"start":{"line":41,"column":21},"end":{"line":41,"column":78}},"type":"cond-expr","locations":[{"start":{"line":41,"column":36},"end":{"line":41,"column":58}},{"start":{"line":41,"column":61},"end":{"line":41,"column":78}}]},"3":{"loc":{"start":{"line":43,"column":15},"end":{"line":43,"column":58}},"type":"cond-expr","locations":[{"start":{"line":43,"column":30},"end":{"line":43,"column":41}},{"start":{"line":43,"column":44},"end":{"line":43,"column":58}}]},"4":{"loc":{"start":{"line":64,"column":20},"end":{"line":64,"column":71}},"type":"binary-expr","locations":[{"start":{"line":64,"column":20},"end":{"line":64,"column":41}},{"start":{"line":64,"column":45},"end":{"line":64,"column":71}}]},"5":{"loc":{"start":{"line":64,"column":46},"end":{"line":64,"column":64}},"type":"binary-expr","locations":[{"start":{"line":64,"column":46},"end":{"line":64,"column":59}},{"start":{"line":64,"column":63},"end":{"line":64,"column":64}}]},"6":{"loc":{"start":{"line":66,"column":12},"end":{"line":68,"column":null}},"type":"cond-expr","locations":[{"start":{"line":67,"column":16},"end":{"line":67,"column":51}},{"start":{"line":68,"column":16},"end":{"line":68,"column":null}}]},"7":{"loc":{"start":{"line":66,"column":12},"end":{"line":66,"column":60}},"type":"binary-expr","locations":[{"start":{"line":66,"column":12},"end":{"line":66,"column":32}},{"start":{"line":66,"column":36},"end":{"line":66,"column":60}}]},"8":{"loc":{"start":{"line":66,"column":37},"end":{"line":66,"column":55}},"type":"binary-expr","locations":[{"start":{"line":66,"column":37},"end":{"line":66,"column":50}},{"start":{"line":66,"column":54},"end":{"line":66,"column":55}}]},"9":{"loc":{"start":{"line":71,"column":11},"end":{"line":73,"column":28}},"type":"cond-expr","locations":[{"start":{"line":72,"column":14},"end":{"line":72,"column":27}},{"start":{"line":73,"column":14},"end":{"line":73,"column":28}}]},"10":{"loc":{"start":{"line":71,"column":11},"end":{"line":71,"column":59}},"type":"binary-expr","locations":[{"start":{"line":71,"column":11},"end":{"line":71,"column":31}},{"start":{"line":71,"column":35},"end":{"line":71,"column":59}}]},"11":{"loc":{"start":{"line":71,"column":36},"end":{"line":71,"column":54}},"type":"binary-expr","locations":[{"start":{"line":71,"column":36},"end":{"line":71,"column":49}},{"start":{"line":71,"column":53},"end":{"line":71,"column":54}}]}},"s":{"0":0,"1":0,"2":0,"3":0,"4":0,"5":0,"6":0},"f":{"0":0,"1":0,"2":0},"b":{"0":[0],"1":[0,0],"2":[0,0],"3":[0,0],"4":[0,0],"5":[0,0],"6":[0,0],"7":[0,0],"8":[0,0],"9":[0,0],"10":[0,0],"11":[0,0]}}
,"C:\\Users\\KratiGupta\\Desktop\\FINALGRABIES\\Grabies\\frontend\\src\\components\\ui\\badge.tsx": {"path":"C:\\Users\\KratiGupta\\Desktop\\FINALGRABIES\\Grabies\\frontend\\src\\components\\ui\\badge.tsx","statementMap":{"0":{"start":{"line":46,"column":9},"end":{"line":46,"column":14}},"1":{"start":{"line":1,"column":0},"end":{"line":1,"column":30}},"2":{"start":{"line":2,"column":0},"end":{"line":2,"column":43}},"3":{"start":{"line":3,"column":0},"end":{"line":3,"column":65}},"4":{"start":{"line":5,"column":0},"end":{"line":5,"column":32}},"5":{"start":{"line":7,"column":22},"end":{"line":25,"column":null}},"6":{"start":{"line":46,"column":16},"end":{"line":46,"column":29}},"7":{"start":{"line":35,"column":15},"end":{"line":35,"column":38}},"8":{"start":{"line":37,"column":2},"end":{"line":43,"column":null}}},"fnMap":{"0":{"name":"Badge","decl":{"start":{"line":28,"column":9},"end":{"line":28,"column":14}},"loc":{"start":{"line":34,"column":60},"end":{"line":44,"column":1}}}},"branchMap":{"0":{"loc":{"start":{"line":31,"column":2},"end":{"line":31,"column":17}},"type":"default-arg","locations":[{"start":{"line":31,"column":12},"end":{"line":31,"column":17}}]},"1":{"loc":{"start":{"line":35,"column":15},"end":{"line":35,"column":38}},"type":"cond-expr","locations":[{"start":{"line":35,"column":25},"end":{"line":35,"column":29}},{"start":{"line":35,"column":32},"end":{"line":35,"column":38}}]}},"s":{"0":0,"1":0,"2":0,"3":0,"4":0,"5":0,"6":0,"7":0,"8":0},"f":{"0":0},"b":{"0":[0],"1":[0,0]}}
,"C:\\Users\\KratiGupta\\Desktop\\FINALGRABIES\\Grabies\\frontend\\src\\components\\ui\\breadcrumb.tsx": {"path":"C:\\Users\\KratiGupta\\Desktop\\FINALGRABIES\\Grabies\\frontend\\src\\components\\ui\\breadcrumb.tsx","statementMap":{"0":{"start":{"line":102,"column":2},"end":{"line":102,"column":12}},"1":{"start":{"line":103,"column":2},"end":{"line":103,"column":16}},"2":{"start":{"line":104,"column":2},"end":{"line":104,"column":16}},"3":{"start":{"line":105,"column":2},"end":{"line":105,"column":16}},"4":{"start":{"line":106,"column":2},"end":{"line":106,"column":16}},"5":{"start":{"line":107,"column":2},"end":{"line":107,"column":21}},"6":{"start":{"line":108,"column":2},"end":{"line":108,"column":20}},"7":{"start":{"line":1,"column":0},"end":{"line":1,"column":30}},"8":{"start":{"line":2,"column":0},"end":{"line":2,"column":43}},"9":{"start":{"line":3,"column":0},"end":{"line":3,"column":59}},"10":{"start":{"line":5,"column":0},"end":{"line":5,"column":32}},"11":{"start":{"line":8,"column":2},"end":{"line":8,"column":null}},"12":{"start":{"line":12,"column":2},"end":{"line":21,"column":null}},"13":{"start":{"line":25,"column":2},"end":{"line":31,"column":null}},"14":{"start":{"line":41,"column":15},"end":{"line":41,"column":35}},"15":{"start":{"line":43,"column":2},"end":{"line":49,"column":null}},"16":{"start":{"line":53,"column":2},"end":{"line":62,"column":null}},"17":{"start":{"line":70,"column":2},"end":{"line":80,"column":null}},"18":{"start":{"line":87,"column":2},"end":{"line":98,"column":null}}},"fnMap":{"0":{"name":"Breadcrumb","decl":{"start":{"line":7,"column":9},"end":{"line":7,"column":19}},"loc":{"start":{"line":7,"column":61},"end":{"line":9,"column":1}}},"1":{"name":"BreadcrumbList","decl":{"start":{"line":11,"column":9},"end":{"line":11,"column":23}},"loc":{"start":{"line":11,"column":75},"end":{"line":22,"column":1}}},"2":{"name":"BreadcrumbItem","decl":{"start":{"line":24,"column":9},"end":{"line":24,"column":23}},"loc":{"start":{"line":24,"column":75},"end":{"line":32,"column":1}}},"3":{"name":"BreadcrumbLink","decl":{"start":{"line":34,"column":9},"end":{"line":34,"column":23}},"loc":{"start":{"line":40,"column":1},"end":{"line":50,"column":1}}},"4":{"name":"BreadcrumbPage","decl":{"start":{"line":52,"column":9},"end":{"line":52,"column":23}},"loc":{"start":{"line":52,"column":77},"end":{"line":63,"column":1}}},"5":{"name":"BreadcrumbSeparator","decl":{"start":{"line":65,"column":9},"end":{"line":65,"column":28}},"loc":{"start":{"line":69,"column":29},"end":{"line":81,"column":1}}},"6":{"name":"BreadcrumbEllipsis","decl":{"start":{"line":83,"column":9},"end":{"line":83,"column":27}},"loc":{"start":{"line":86,"column":31},"end":{"line":99,"column":1}}}},"branchMap":{"0":{"loc":{"start":{"line":41,"column":15},"end":{"line":41,"column":35}},"type":"cond-expr","locations":[{"start":{"line":41,"column":25},"end":{"line":41,"column":29}},{"start":{"line":41,"column":32},"end":{"line":41,"column":35}}]},"1":{"loc":{"start":{"line":78,"column":7},"end":{"line":78,"column":35}},"type":"binary-expr","locations":[{"start":{"line":78,"column":7},"end":{"line":78,"column":15}},{"start":{"line":78,"column":19},"end":{"line":78,"column":35}}]}},"s":{"0":0,"1":0,"2":0,"3":0,"4":0,"5":0,"6":0,"7":0,"8":0,"9":0,"10":0,"11":0,"12":0,"13":0,"14":0,"15":0,"16":0,"17":0,"18":0},"f":{"0":0,"1":0,"2":0,"3":0,"4":0,"5":0,"6":0},"b":{"0":[0,0],"1":[0,0]}}
,"C:\\Users\\KratiGupta\\Desktop\\FINALGRABIES\\Grabies\\frontend\\src\\components\\ui\\button.tsx": {"path":"C:\\Users\\KratiGupta\\Desktop\\FINALGRABIES\\Grabies\\frontend\\src\\components\\ui\\button.tsx","statementMap":{"0":{"start":{"line":58,"column":9},"end":{"line":58,"column":15}},"1":{"start":{"line":1,"column":0},"end":{"line":1,"column":30}},"2":{"start":{"line":2,"column":0},"end":{"line":2,"column":43}},"3":{"start":{"line":3,"column":0},"end":{"line":3,"column":65}},"4":{"start":{"line":5,"column":0},"end":{"line":5,"column":32}},"5":{"start":{"line":7,"column":23},"end":{"line":34,"column":null}},"6":{"start":{"line":58,"column":17},"end":{"line":58,"column":31}},"7":{"start":{"line":47,"column":15},"end":{"line":47,"column":40}},"8":{"start":{"line":49,"column":2},"end":{"line":55,"column":null}}},"fnMap":{"0":{"name":"Button","decl":{"start":{"line":37,"column":9},"end":{"line":37,"column":15}},"loc":{"start":{"line":46,"column":3},"end":{"line":56,"column":1}}}},"branchMap":{"0":{"loc":{"start":{"line":41,"column":2},"end":{"line":41,"column":17}},"type":"default-arg","locations":[{"start":{"line":41,"column":12},"end":{"line":41,"column":17}}]},"1":{"loc":{"start":{"line":47,"column":15},"end":{"line":47,"column":40}},"type":"cond-expr","locations":[{"start":{"line":47,"column":25},"end":{"line":47,"column":29}},{"start":{"line":47,"column":32},"end":{"line":47,"column":40}}]}},"s":{"0":3,"1":3,"2":3,"3":3,"4":3,"5":3,"6":3,"7":115,"8":115},"f":{"0":115},"b":{"0":[115],"1":[0,115]}}
,"C:\\Users\\KratiGupta\\Desktop\\FINALGRABIES\\Grabies\\frontend\\src\\components\\ui\\card.tsx": {"path":"C:\\Users\\KratiGupta\\Desktop\\FINALGRABIES\\Grabies\\frontend\\src\\components\\ui\\card.tsx","statementMap":{"0":{"start":{"line":85,"column":2},"end":{"line":85,"column":6}},"1":{"start":{"line":86,"column":2},"end":{"line":86,"column":12}},"2":{"start":{"line":87,"column":2},"end":{"line":87,"column":12}},"3":{"start":{"line":88,"column":2},"end":{"line":88,"column":11}},"4":{"start":{"line":89,"column":2},"end":{"line":89,"column":12}},"5":{"start":{"line":90,"column":2},"end":{"line":90,"column":17}},"6":{"start":{"line":91,"column":2},"end":{"line":91,"column":13}},"7":{"start":{"line":1,"column":0},"end":{"line":1,"column":30}},"8":{"start":{"line":3,"column":0},"end":{"line":3,"column":32}},"9":{"start":{"line":6,"column":2},"end":{"line":15,"column":null}},"10":{"start":{"line":19,"column":2},"end":{"line":28,"column":null}},"11":{"start":{"line":32,"column":2},"end":{"line":38,"column":null}},"12":{"start":{"line":42,"column":2},"end":{"line":48,"column":null}},"13":{"start":{"line":52,"column":2},"end":{"line":61,"column":null}},"14":{"start":{"line":65,"column":2},"end":{"line":71,"column":null}},"15":{"start":{"line":75,"column":2},"end":{"line":81,"column":null}}},"fnMap":{"0":{"name":"Card","decl":{"start":{"line":5,"column":9},"end":{"line":5,"column":13}},"loc":{"start":{"line":5,"column":66},"end":{"line":16,"column":1}}},"1":{"name":"CardHeader","decl":{"start":{"line":18,"column":9},"end":{"line":18,"column":19}},"loc":{"start":{"line":18,"column":72},"end":{"line":29,"column":1}}},"2":{"name":"CardTitle","decl":{"start":{"line":31,"column":9},"end":{"line":31,"column":18}},"loc":{"start":{"line":31,"column":71},"end":{"line":39,"column":1}}},"3":{"name":"CardDescription","decl":{"start":{"line":41,"column":9},"end":{"line":41,"column":24}},"loc":{"start":{"line":41,"column":77},"end":{"line":49,"column":1}}},"4":{"name":"CardAction","decl":{"start":{"line":51,"column":9},"end":{"line":51,"column":19}},"loc":{"start":{"line":51,"column":72},"end":{"line":62,"column":1}}},"5":{"name":"CardContent","decl":{"start":{"line":64,"column":9},"end":{"line":64,"column":20}},"loc":{"start":{"line":64,"column":73},"end":{"line":72,"column":1}}},"6":{"name":"CardFooter","decl":{"start":{"line":74,"column":9},"end":{"line":74,"column":19}},"loc":{"start":{"line":74,"column":72},"end":{"line":82,"column":1}}}},"branchMap":{},"s":{"0":2,"1":2,"2":2,"3":2,"4":2,"5":2,"6":2,"7":2,"8":2,"9":22,"10":22,"11":22,"12":22,"13":0,"14":22,"15":0},"f":{"0":22,"1":22,"2":22,"3":22,"4":0,"5":22,"6":0},"b":{}}
,"C:\\Users\\KratiGupta\\Desktop\\FINALGRABIES\\Grabies\\frontend\\src\\components\\ui\\carousel.tsx": {"path":"C:\\Users\\KratiGupta\\Desktop\\FINALGRABIES\\Grabies\\frontend\\src\\components\\ui\\carousel.tsx","statementMap":{"0":{"start":{"line":234,"column":2},"end":{"line":234,"column":10}},"1":{"start":{"line":235,"column":2},"end":{"line":235,"column":17}},"2":{"start":{"line":236,"column":2},"end":{"line":236,"column":14}},"3":{"start":{"line":237,"column":2},"end":{"line":237,"column":18}},"4":{"start":{"line":238,"column":2},"end":{"line":238,"column":14}},"5":{"start":{"line":1,"column":0},"end":{"line":1,"column":30}},"6":{"start":{"line":2,"column":0},"end":{"line":2,"column":null}},"7":{"start":{"line":5,"column":0},"end":{"line":5,"column":52}},"8":{"start":{"line":7,"column":0},"end":{"line":7,"column":32}},"9":{"start":{"line":8,"column":0},"end":{"line":8,"column":47}},"10":{"start":{"line":31,"column":24},"end":{"line":31,"column":78}},"11":{"start":{"line":34,"column":18},"end":{"line":34,"column":51}},"12":{"start":{"line":36,"column":2},"end":{"line":38,"column":3}},"13":{"start":{"line":37,"column":4},"end":{"line":37,"column":null}},"14":{"start":{"line":40,"column":2},"end":{"line":40,"column":null}},"15":{"start":{"line":52,"column":29},"end":{"line":57,"column":null}},"16":{"start":{"line":59,"column":44},"end":{"line":59,"column":65}},"17":{"start":{"line":60,"column":44},"end":{"line":60,"column":65}},"18":{"start":{"line":62,"column":19},"end":{"line":66,"column":8}},"19":{"start":{"line":63,"column":4},"end":{"line":63,"column":20}},"20":{"start":{"line":63,"column":14},"end":{"line":63,"column":20}},"21":{"start":{"line":64,"column":4},"end":{"line":64,"column":null}},"22":{"start":{"line":65,"column":4},"end":{"line":65,"column":null}},"23":{"start":{"line":68,"column":21},"end":{"line":70,"column":11}},"24":{"start":{"line":69,"column":4},"end":{"line":69,"column":null}},"25":{"start":{"line":72,"column":21},"end":{"line":74,"column":11}},"26":{"start":{"line":73,"column":4},"end":{"line":73,"column":null}},"27":{"start":{"line":76,"column":24},"end":{"line":86,"column":null}},"28":{"start":{"line":78,"column":6},"end":{"line":84,"column":7}},"29":{"start":{"line":79,"column":8},"end":{"line":79,"column":null}},"30":{"start":{"line":80,"column":8},"end":{"line":80,"column":null}},"31":{"start":{"line":81,"column":13},"end":{"line":84,"column":7}},"32":{"start":{"line":82,"column":8},"end":{"line":82,"column":null}},"33":{"start":{"line":83,"column":8},"end":{"line":83,"column":null}},"34":{"start":{"line":89,"column":2},"end":{"line":92,"column":null}},"35":{"start":{"line":90,"column":4},"end":{"line":90,"column":31}},"36":{"start":{"line":90,"column":25},"end":{"line":90,"column":31}},"37":{"start":{"line":91,"column":4},"end":{"line":91,"column":null}},"38":{"start":{"line":94,"column":2},"end":{"line":103,"column":null}},"39":{"start":{"line":95,"column":4},"end":{"line":95,"column":20}},"40":{"start":{"line":95,"column":14},"end":{"line":95,"column":20}},"41":{"start":{"line":96,"column":4},"end":{"line":96,"column":null}},"42":{"start":{"line":97,"column":4},"end":{"line":97,"column":null}},"43":{"start":{"line":98,"column":4},"end":{"line":98,"column":null}},"44":{"start":{"line":100,"column":4},"end":{"line":102,"column":null}},"45":{"start":{"line":101,"column":6},"end":{"line":101,"column":null}},"46":{"start":{"line":105,"column":2},"end":{"line":130,"column":null}},"47":{"start":{"line":134,"column":39},"end":{"line":134,"column":52}},"48":{"start":{"line":136,"column":2},"end":{"line":151,"column":null}},"49":{"start":{"line":155,"column":26},"end":{"line":155,"column":39}},"50":{"start":{"line":157,"column":2},"end":{"line":169,"column":null}},"51":{"start":{"line":178,"column":53},"end":{"line":178,"column":66}},"52":{"start":{"line":180,"column":2},"end":{"line":199,"column":null}},"53":{"start":{"line":208,"column":53},"end":{"line":208,"column":66}},"54":{"start":{"line":210,"column":2},"end":{"line":229,"column":null}}},"fnMap":{"0":{"name":"useCarousel","decl":{"start":{"line":33,"column":9},"end":{"line":33,"column":20}},"loc":{"start":{"line":33,"column":20},"end":{"line":41,"column":1}}},"1":{"name":"Carousel","decl":{"start":{"line":43,"column":9},"end":{"line":43,"column":17}},"loc":{"start":{"line":51,"column":46},"end":{"line":131,"column":1}}},"2":{"name":"(anonymous_12)","decl":{"start":{"line":62,"column":37},"end":{"line":62,"column":38}},"loc":{"start":{"line":62,"column":58},"end":{"line":66,"column":3}}},"3":{"name":"(anonymous_13)","decl":{"start":{"line":68,"column":39},"end":{"line":68,"column":42}},"loc":{"start":{"line":68,"column":44},"end":{"line":70,"column":3}}},"4":{"name":"(anonymous_14)","decl":{"start":{"line":72,"column":39},"end":{"line":72,"column":42}},"loc":{"start":{"line":72,"column":44},"end":{"line":74,"column":3}}},"5":{"name":"(anonymous_15)","decl":{"start":{"line":77,"column":4},"end":{"line":77,"column":5}},"loc":{"start":{"line":77,"column":51},"end":{"line":85,"column":5}}},"6":{"name":"(anonymous_16)","decl":{"start":{"line":89,"column":18},"end":{"line":89,"column":21}},"loc":{"start":{"line":89,"column":23},"end":{"line":92,"column":3}}},"7":{"name":"(anonymous_17)","decl":{"start":{"line":94,"column":18},"end":{"line":94,"column":21}},"loc":{"start":{"line":94,"column":23},"end":{"line":103,"column":3}}},"8":{"name":"(anonymous_18)","decl":{"start":{"line":100,"column":11},"end":{"line":100,"column":14}},"loc":{"start":{"line":100,"column":16},"end":{"line":102,"column":5}}},"9":{"name":"CarouselContent","decl":{"start":{"line":133,"column":9},"end":{"line":133,"column":24}},"loc":{"start":{"line":133,"column":77},"end":{"line":152,"column":1}}},"10":{"name":"CarouselItem","decl":{"start":{"line":154,"column":9},"end":{"line":154,"column":21}},"loc":{"start":{"line":154,"column":74},"end":{"line":170,"column":1}}},"11":{"name":"CarouselPrevious","decl":{"start":{"line":172,"column":9},"end":{"line":172,"column":25}},"loc":{"start":{"line":177,"column":38},"end":{"line":200,"column":1}}},"12":{"name":"CarouselNext","decl":{"start":{"line":202,"column":9},"end":{"line":202,"column":21}},"loc":{"start":{"line":207,"column":38},"end":{"line":230,"column":1}}}},"branchMap":{"0":{"loc":{"start":{"line":36,"column":2},"end":{"line":38,"column":3}},"type":"if","locations":[{"start":{"line":36,"column":2},"end":{"line":38,"column":3}},{"start":{},"end":{}}]},"1":{"loc":{"start":{"line":44,"column":2},"end":{"line":44,"column":28}},"type":"default-arg","locations":[{"start":{"line":44,"column":16},"end":{"line":44,"column":28}}]},"2":{"loc":{"start":{"line":55,"column":12},"end":{"line":55,"column":52}},"type":"cond-expr","locations":[{"start":{"line":55,"column":43},"end":{"line":55,"column":46}},{"start":{"line":55,"column":49},"end":{"line":55,"column":52}}]},"3":{"loc":{"start":{"line":63,"column":4},"end":{"line":63,"column":20}},"type":"if","locations":[{"start":{"line":63,"column":4},"end":{"line":63,"column":20}},{"start":{},"end":{}}]},"4":{"loc":{"start":{"line":78,"column":6},"end":{"line":84,"column":7}},"type":"if","locations":[{"start":{"line":78,"column":6},"end":{"line":84,"column":7}},{"start":{"line":81,"column":13},"end":{"line":84,"column":7}}]},"5":{"loc":{"start":{"line":81,"column":13},"end":{"line":84,"column":7}},"type":"if","locations":[{"start":{"line":81,"column":13},"end":{"line":84,"column":7}},{"start":{},"end":{}}]},"6":{"loc":{"start":{"line":90,"column":4},"end":{"line":90,"column":31}},"type":"if","locations":[{"start":{"line":90,"column":4},"end":{"line":90,"column":31}},{"start":{},"end":{}}]},"7":{"loc":{"start":{"line":90,"column":8},"end":{"line":90,"column":23}},"type":"binary-expr","locations":[{"start":{"line":90,"column":8},"end":{"line":90,"column":12}},{"start":{"line":90,"column":16},"end":{"line":90,"column":23}}]},"8":{"loc":{"start":{"line":95,"column":4},"end":{"line":95,"column":20}},"type":"if","locations":[{"start":{"line":95,"column":4},"end":{"line":95,"column":20}},{"start":{},"end":{}}]},"9":{"loc":{"start":{"line":112,"column":10},"end":{"line":112,"column":73}},"type":"binary-expr","locations":[{"start":{"line":112,"column":10},"end":{"line":112,"column":21}},{"start":{"line":112,"column":26},"end":{"line":112,"column":72}}]},"10":{"loc":{"start":{"line":112,"column":26},"end":{"line":112,"column":72}},"type":"cond-expr","locations":[{"start":{"line":112,"column":47},"end":{"line":112,"column":57}},{"start":{"line":112,"column":60},"end":{"line":112,"column":72}}]},"11":{"loc":{"start":{"line":145,"column":10},"end":{"line":145,"column":67}},"type":"cond-expr","locations":[{"start":{"line":145,"column":41},"end":{"line":145,"column":48}},{"start":{"line":145,"column":51},"end":{"line":145,"column":67}}]},"12":{"loc":{"start":{"line":164,"column":8},"end":{"line":164,"column":54}},"type":"cond-expr","locations":[{"start":{"line":164,"column":39},"end":{"line":164,"column":45}},{"start":{"line":164,"column":48},"end":{"line":164,"column":54}}]},"13":{"loc":{"start":{"line":174,"column":2},"end":{"line":174,"column":21}},"type":"default-arg","locations":[{"start":{"line":174,"column":12},"end":{"line":174,"column":21}}]},"14":{"loc":{"start":{"line":175,"column":2},"end":{"line":175,"column":15}},"type":"default-arg","locations":[{"start":{"line":175,"column":9},"end":{"line":175,"column":15}}]},"15":{"loc":{"start":{"line":187,"column":8},"end":{"line":189,"column":57}},"type":"cond-expr","locations":[{"start":{"line":188,"column":12},"end":{"line":188,"column":47}},{"start":{"line":189,"column":12},"end":{"line":189,"column":57}}]},"16":{"loc":{"start":{"line":204,"column":2},"end":{"line":204,"column":21}},"type":"default-arg","locations":[{"start":{"line":204,"column":12},"end":{"line":204,"column":21}}]},"17":{"loc":{"start":{"line":205,"column":2},"end":{"line":205,"column":15}},"type":"default-arg","locations":[{"start":{"line":205,"column":9},"end":{"line":205,"column":15}}]},"18":{"loc":{"start":{"line":217,"column":8},"end":{"line":219,"column":60}},"type":"cond-expr","locations":[{"start":{"line":218,"column":12},"end":{"line":218,"column":48}},{"start":{"line":219,"column":12},"end":{"line":219,"column":60}}]}},"s":{"0":0,"1":0,"2":0,"3":0,"4":0,"5":0,"6":0,"7":0,"8":0,"9":0,"10":0,"11":0,"12":0,"13":0,"14":0,"15":0,"16":0,"17":0,"18":0,"19":0,"20":0,"21":0,"22":0,"23":0,"24":0,"25":0,"26":0,"27":0,"28":0,"29":0,"30":0,"31":0,"32":0,"33":0,"34":0,"35":0,"36":0,"37":0,"38":0,"39":0,"40":0,"41":0,"42":0,"43":0,"44":0,"45":0,"46":0,"47":0,"48":0,"49":0,"50":0,"51":0,"52":0,"53":0,"54":0},"f":{"0":0,"1":0,"2":0,"3":0,"4":0,"5":0,"6":0,"7":0,"8":0,"9":0,"10":0,"11":0,"12":0},"b":{"0":[0,0],"1":[0],"2":[0,0],"3":[0,0],"4":[0,0],"5":[0,0],"6":[0,0],"7":[0,0],"8":[0,0],"9":[0,0],"10":[0,0],"11":[0,0],"12":[0,0],"13":[0],"14":[0],"15":[0,0],"16":[0],"17":[0],"18":[0,0]}}
,"C:\\Users\\KratiGupta\\Desktop\\FINALGRABIES\\Grabies\\frontend\\src\\components\\ui\\checkbox.tsx": {"path":"C:\\Users\\KratiGupta\\Desktop\\FINALGRABIES\\Grabies\\frontend\\src\\components\\ui\\checkbox.tsx","statementMap":{"0":{"start":{"line":30,"column":9},"end":{"line":30,"column":17}},"1":{"start":{"line":1,"column":0},"end":{"line":1,"column":30}},"2":{"start":{"line":2,"column":0},"end":{"line":2,"column":61}},"3":{"start":{"line":3,"column":0},"end":{"line":3,"column":40}},"4":{"start":{"line":5,"column":0},"end":{"line":5,"column":32}},"5":{"start":{"line":11,"column":2},"end":{"line":27,"column":null}}},"fnMap":{"0":{"name":"Checkbox","decl":{"start":{"line":7,"column":9},"end":{"line":7,"column":17}},"loc":{"start":{"line":10,"column":54},"end":{"line":28,"column":1}}}},"branchMap":{},"s":{"0":0,"1":0,"2":0,"3":0,"4":0,"5":0},"f":{"0":0},"b":{}}
,"C:\\Users\\KratiGupta\\Desktop\\FINALGRABIES\\Grabies\\frontend\\src\\components\\ui\\dialog.tsx": {"path":"C:\\Users\\KratiGupta\\Desktop\\FINALGRABIES\\Grabies\\frontend\\src\\components\\ui\\dialog.tsx","statementMap":{"0":{"start":{"line":131,"column":2},"end":{"line":131,"column":8}},"1":{"start":{"line":132,"column":2},"end":{"line":132,"column":13}},"2":{"start":{"line":133,"column":2},"end":{"line":133,"column":15}},"3":{"start":{"line":134,"column":2},"end":{"line":134,"column":19}},"4":{"start":{"line":135,"column":2},"end":{"line":135,"column":14}},"5":{"start":{"line":136,"column":2},"end":{"line":136,"column":14}},"6":{"start":{"line":137,"column":2},"end":{"line":137,"column":15}},"7":{"start":{"line":138,"column":2},"end":{"line":138,"column":14}},"8":{"start":{"line":139,"column":2},"end":{"line":139,"column":13}},"9":{"start":{"line":140,"column":2},"end":{"line":140,"column":15}},"10":{"start":{"line":1,"column":0},"end":{"line":1,"column":30}},"11":{"start":{"line":2,"column":0},"end":{"line":2,"column":57}},"12":{"start":{"line":3,"column":0},"end":{"line":3,"column":36}},"13":{"start":{"line":5,"column":0},"end":{"line":5,"column":32}},"14":{"start":{"line":10,"column":2},"end":{"line":10,"column":null}},"15":{"start":{"line":16,"column":2},"end":{"line":16,"column":null}},"16":{"start":{"line":22,"column":2},"end":{"line":22,"column":null}},"17":{"start":{"line":28,"column":2},"end":{"line":28,"column":null}},"18":{"start":{"line":35,"column":2},"end":{"line":44,"column":null}},"19":{"start":{"line":55,"column":2},"end":{"line":78,"column":null}},"20":{"start":{"line":82,"column":2},"end":{"line":88,"column":null}},"21":{"start":{"line":92,"column":2},"end":{"line":101,"column":null}},"22":{"start":{"line":108,"column":2},"end":{"line":114,"column":null}},"23":{"start":{"line":121,"column":2},"end":{"line":127,"column":null}}},"fnMap":{"0":{"name":"Dialog","decl":{"start":{"line":7,"column":9},"end":{"line":7,"column":15}},"loc":{"start":{"line":9,"column":52},"end":{"line":11,"column":1}}},"1":{"name":"DialogTrigger","decl":{"start":{"line":13,"column":9},"end":{"line":13,"column":22}},"loc":{"start":{"line":15,"column":55},"end":{"line":17,"column":1}}},"2":{"name":"DialogPortal","decl":{"start":{"line":19,"column":9},"end":{"line":19,"column":21}},"loc":{"start":{"line":21,"column":54},"end":{"line":23,"column":1}}},"3":{"name":"DialogClose","decl":{"start":{"line":25,"column":9},"end":{"line":25,"column":20}},"loc":{"start":{"line":27,"column":53},"end":{"line":29,"column":1}}},"4":{"name":"DialogOverlay","decl":{"start":{"line":31,"column":9},"end":{"line":31,"column":22}},"loc":{"start":{"line":34,"column":55},"end":{"line":45,"column":1}}},"5":{"name":"DialogContent","decl":{"start":{"line":47,"column":9},"end":{"line":47,"column":22}},"loc":{"start":{"line":54,"column":1},"end":{"line":79,"column":1}}},"6":{"name":"DialogHeader","decl":{"start":{"line":81,"column":9},"end":{"line":81,"column":21}},"loc":{"start":{"line":81,"column":74},"end":{"line":89,"column":1}}},"7":{"name":"DialogFooter","decl":{"start":{"line":91,"column":9},"end":{"line":91,"column":21}},"loc":{"start":{"line":91,"column":74},"end":{"line":102,"column":1}}},"8":{"name":"DialogTitle","decl":{"start":{"line":104,"column":9},"end":{"line":104,"column":20}},"loc":{"start":{"line":107,"column":53},"end":{"line":115,"column":1}}},"9":{"name":"DialogDescription","decl":{"start":{"line":117,"column":9},"end":{"line":117,"column":26}},"loc":{"start":{"line":120,"column":59},"end":{"line":128,"column":1}}}},"branchMap":{"0":{"loc":{"start":{"line":50,"column":2},"end":{"line":50,"column":24}},"type":"default-arg","locations":[{"start":{"line":50,"column":20},"end":{"line":50,"column":24}}]},"1":{"loc":{"start":{"line":67,"column":9},"end":{"line":74,"column":null}},"type":"binary-expr","locations":[{"start":{"line":67,"column":9},"end":{"line":67,"column":24}},{"start":{"line":68,"column":10},"end":{"line":73,"column":null}}]}},"s":{"0":1,"1":1,"2":1,"3":1,"4":1,"5":1,"6":1,"7":1,"8":1,"9":1,"10":1,"11":1,"12":1,"13":1,"14":6,"15":6,"16":6,"17":10,"18":7,"19":6,"20":5,"21":5,"22":5,"23":5},"f":{"0":6,"1":6,"2":6,"3":10,"4":7,"5":6,"6":5,"7":5,"8":5,"9":5},"b":{"0":[6],"1":[6,6]}}
,"C:\\Users\\KratiGupta\\Desktop\\FINALGRABIES\\Grabies\\frontend\\src\\components\\ui\\dropdown-menu.tsx": {"path":"C:\\Users\\KratiGupta\\Desktop\\FINALGRABIES\\Grabies\\frontend\\src\\components\\ui\\dropdown-menu.tsx","statementMap":{"0":{"start":{"line":240,"column":2},"end":{"line":240,"column":14}},"1":{"start":{"line":241,"column":2},"end":{"line":241,"column":20}},"2":{"start":{"line":242,"column":2},"end":{"line":242,"column":21}},"3":{"start":{"line":243,"column":2},"end":{"line":243,"column":21}},"4":{"start":{"line":244,"column":2},"end":{"line":244,"column":19}},"5":{"start":{"line":245,"column":2},"end":{"line":245,"column":19}},"6":{"start":{"line":246,"column":2},"end":{"line":246,"column":18}},"7":{"start":{"line":247,"column":2},"end":{"line":247,"column":26}},"8":{"start":{"line":248,"column":2},"end":{"line":248,"column":24}},"9":{"start":{"line":249,"column":2},"end":{"line":249,"column":23}},"10":{"start":{"line":250,"column":2},"end":{"line":250,"column":23}},"11":{"start":{"line":251,"column":2},"end":{"line":251,"column":22}},"12":{"start":{"line":252,"column":2},"end":{"line":252,"column":17}},"13":{"start":{"line":253,"column":2},"end":{"line":253,"column":24}},"14":{"start":{"line":254,"column":2},"end":{"line":254,"column":24}},"15":{"start":{"line":1,"column":0},"end":{"line":1,"column":30}},"16":{"start":{"line":2,"column":0},"end":{"line":2,"column":70}},"17":{"start":{"line":3,"column":0},"end":{"line":3,"column":70}},"18":{"start":{"line":5,"column":0},"end":{"line":5,"column":32}},"19":{"start":{"line":10,"column":2},"end":{"line":10,"column":null}},"20":{"start":{"line":16,"column":2},"end":{"line":18,"column":null}},"21":{"start":{"line":24,"column":2},"end":{"line":29,"column":null}},"22":{"start":{"line":37,"column":2},"end":{"line":49,"column":null}},"23":{"start":{"line":55,"column":2},"end":{"line":57,"column":null}},"24":{"start":{"line":69,"column":2},"end":{"line":80,"column":null}},"25":{"start":{"line":89,"column":2},"end":{"line":106,"column":null}},"26":{"start":{"line":112,"column":2},"end":{"line":117,"column":null}},"27":{"start":{"line":125,"column":2},"end":{"line":141,"column":null}},"28":{"start":{"line":151,"column":2},"end":{"line":161,"column":null}},"29":{"start":{"line":168,"column":2},"end":{"line":174,"column":null}},"30":{"start":{"line":181,"column":2},"end":{"line":190,"column":null}},"31":{"start":{"line":196,"column":2},"end":{"line":196,"column":null}},"32":{"start":{"line":207,"column":2},"end":{"line":220,"column":null}},"33":{"start":{"line":227,"column":2},"end":{"line":236,"column":null}}},"fnMap":{"0":{"name":"DropdownMenu","decl":{"start":{"line":7,"column":9},"end":{"line":7,"column":21}},"loc":{"start":{"line":9,"column":58},"end":{"line":11,"column":1}}},"1":{"name":"DropdownMenuPortal","decl":{"start":{"line":13,"column":9},"end":{"line":13,"column":27}},"loc":{"start":{"line":15,"column":60},"end":{"line":19,"column":1}}},"2":{"name":"DropdownMenuTrigger","decl":{"start":{"line":21,"column":9},"end":{"line":21,"column":28}},"loc":{"start":{"line":23,"column":61},"end":{"line":30,"column":1}}},"3":{"name":"DropdownMenuContent","decl":{"start":{"line":32,"column":9},"end":{"line":32,"column":28}},"loc":{"start":{"line":36,"column":61},"end":{"line":50,"column":1}}},"4":{"name":"DropdownMenuGroup","decl":{"start":{"line":52,"column":9},"end":{"line":52,"column":26}},"loc":{"start":{"line":54,"column":59},"end":{"line":58,"column":1}}},"5":{"name":"DropdownMenuItem","decl":{"start":{"line":60,"column":9},"end":{"line":60,"column":25}},"loc":{"start":{"line":68,"column":1},"end":{"line":81,"column":1}}},"6":{"name":"DropdownMenuCheckboxItem","decl":{"start":{"line":83,"column":9},"end":{"line":83,"column":33}},"loc":{"start":{"line":88,"column":66},"end":{"line":107,"column":1}}},"7":{"name":"DropdownMenuRadioGroup","decl":{"start":{"line":109,"column":9},"end":{"line":109,"column":31}},"loc":{"start":{"line":111,"column":64},"end":{"line":118,"column":1}}},"8":{"name":"DropdownMenuRadioItem","decl":{"start":{"line":120,"column":9},"end":{"line":120,"column":30}},"loc":{"start":{"line":124,"column":63},"end":{"line":142,"column":1}}},"9":{"name":"DropdownMenuLabel","decl":{"start":{"line":144,"column":9},"end":{"line":144,"column":26}},"loc":{"start":{"line":150,"column":1},"end":{"line":162,"column":1}}},"10":{"name":"DropdownMenuSeparator","decl":{"start":{"line":164,"column":9},"end":{"line":164,"column":30}},"loc":{"start":{"line":167,"column":63},"end":{"line":175,"column":1}}},"11":{"name":"DropdownMenuShortcut","decl":{"start":{"line":177,"column":9},"end":{"line":177,"column":29}},"loc":{"start":{"line":180,"column":31},"end":{"line":191,"column":1}}},"12":{"name":"DropdownMenuSub","decl":{"start":{"line":193,"column":9},"end":{"line":193,"column":24}},"loc":{"start":{"line":195,"column":57},"end":{"line":197,"column":1}}},"13":{"name":"DropdownMenuSubTrigger","decl":{"start":{"line":199,"column":9},"end":{"line":199,"column":31}},"loc":{"start":{"line":206,"column":1},"end":{"line":221,"column":1}}},"14":{"name":"DropdownMenuSubContent","decl":{"start":{"line":223,"column":9},"end":{"line":223,"column":31}},"loc":{"start":{"line":226,"column":64},"end":{"line":237,"column":1}}}},"branchMap":{"0":{"loc":{"start":{"line":34,"column":2},"end":{"line":34,"column":16}},"type":"default-arg","locations":[{"start":{"line":34,"column":15},"end":{"line":34,"column":16}}]},"1":{"loc":{"start":{"line":63,"column":2},"end":{"line":63,"column":21}},"type":"default-arg","locations":[{"start":{"line":63,"column":12},"end":{"line":63,"column":21}}]}},"s":{"0":0,"1":0,"2":0,"3":0,"4":0,"5":0,"6":0,"7":0,"8":0,"9":0,"10":0,"11":0,"12":0,"13":0,"14":0,"15":0,"16":0,"17":0,"18":0,"19":0,"20":0,"21":0,"22":0,"23":0,"24":0,"25":0,"26":0,"27":0,"28":0,"29":0,"30":0,"31":0,"32":0,"33":0},"f":{"0":0,"1":0,"2":0,"3":0,"4":0,"5":0,"6":0,"7":0,"8":0,"9":0,"10":0,"11":0,"12":0,"13":0,"14":0},"b":{"0":[0],"1":[0]}}
,"C:\\Users\\KratiGupta\\Desktop\\FINALGRABIES\\Grabies\\frontend\\src\\components\\ui\\form.tsx": {"path":"C:\\Users\\KratiGupta\\Desktop\\FINALGRABIES\\Grabies\\frontend\\src\\components\\ui\\form.tsx","statementMap":{"0":{"start":{"line":161,"column":2},"end":{"line":161,"column":10}},"1":{"start":{"line":162,"column":2},"end":{"line":162,"column":11}},"2":{"start":{"line":163,"column":2},"end":{"line":163,"column":13}},"3":{"start":{"line":164,"column":2},"end":{"line":164,"column":17}},"4":{"start":{"line":165,"column":2},"end":{"line":165,"column":13}},"5":{"start":{"line":3,"column":0},"end":{"line":3,"column":30}},"6":{"start":{"line":5,"column":0},"end":{"line":5,"column":43}},"7":{"start":{"line":6,"column":0},"end":{"line":6,"column":null}},"8":{"start":{"line":16,"column":0},"end":{"line":16,"column":32}},"9":{"start":{"line":17,"column":0},"end":{"line":17,"column":45}},"10":{"start":{"line":19,"column":13},"end":{"line":19,"column":25}},"11":{"start":{"line":160,"column":2},"end":{"line":160,"column":6}},"12":{"start":{"line":28,"column":25},"end":{"line":29,"column":null}},"13":{"start":{"line":32,"column":18},"end":{"line":43,"column":1}},"14":{"start":{"line":38,"column":2},"end":{"line":42,"column":null}},"15":{"start":{"line":166,"column":2},"end":{"line":166,"column":11}},"16":{"start":{"line":45,"column":21},"end":{"line":66,"column":1}},"17":{"start":{"line":46,"column":23},"end":{"line":46,"column":57}},"18":{"start":{"line":47,"column":22},"end":{"line":47,"column":55}},"19":{"start":{"line":48,"column":28},"end":{"line":48,"column":44}},"20":{"start":{"line":49,"column":20},"end":{"line":49,"column":61}},"21":{"start":{"line":50,"column":21},"end":{"line":50,"column":64}},"22":{"start":{"line":52,"column":2},"end":{"line":54,"column":3}},"23":{"start":{"line":53,"column":4},"end":{"line":53,"column":null}},"24":{"start":{"line":56,"column":17},"end":{"line":56,"column":28}},"25":{"start":{"line":58,"column":2},"end":{"line":65,"column":null}},"26":{"start":{"line":159,"column":2},"end":{"line":159,"column":14}},"27":{"start":{"line":72,"column":24},"end":{"line":73,"column":null}},"28":{"start":{"line":77,"column":13},"end":{"line":77,"column":26}},"29":{"start":{"line":79,"column":2},"end":{"line":87,"column":null}},"30":{"start":{"line":94,"column":32},"end":{"line":94,"column":46}},"31":{"start":{"line":96,"column":2},"end":{"line":104,"column":null}},"32":{"start":{"line":108,"column":66},"end":{"line":108,"column":80}},"33":{"start":{"line":110,"column":2},"end":{"line":122,"column":null}},"34":{"start":{"line":126,"column":32},"end":{"line":126,"column":46}},"35":{"start":{"line":128,"column":2},"end":{"line":135,"column":null}},"36":{"start":{"line":139,"column":35},"end":{"line":139,"column":49}},"37":{"start":{"line":140,"column":15},"end":{"line":140,"column":68}},"38":{"start":{"line":142,"column":2},"end":{"line":144,"column":3}},"39":{"start":{"line":143,"column":4},"end":{"line":143,"column":null}},"40":{"start":{"line":146,"column":2},"end":{"line":155,"column":null}}},"fnMap":{"0":{"name":"(anonymous_9)","decl":{"start":{"line":32,"column":18},"end":{"line":32,"column":null}},"loc":{"start":{"line":37,"column":43},"end":{"line":43,"column":1}}},"1":{"name":"(anonymous_10)","decl":{"start":{"line":45,"column":21},"end":{"line":45,"column":24}},"loc":{"start":{"line":45,"column":26},"end":{"line":66,"column":1}}},"2":{"name":"FormItem","decl":{"start":{"line":76,"column":9},"end":{"line":76,"column":17}},"loc":{"start":{"line":76,"column":70},"end":{"line":88,"column":1}}},"3":{"name":"FormLabel","decl":{"start":{"line":90,"column":9},"end":{"line":90,"column":18}},"loc":{"start":{"line":93,"column":51},"end":{"line":105,"column":1}}},"4":{"name":"FormControl","decl":{"start":{"line":107,"column":9},"end":{"line":107,"column":20}},"loc":{"start":{"line":107,"column":68},"end":{"line":123,"column":1}}},"5":{"name":"FormDescription","decl":{"start":{"line":125,"column":9},"end":{"line":125,"column":24}},"loc":{"start":{"line":125,"column":75},"end":{"line":136,"column":1}}},"6":{"name":"FormMessage","decl":{"start":{"line":138,"column":9},"end":{"line":138,"column":20}},"loc":{"start":{"line":138,"column":71},"end":{"line":156,"column":1}}}},"branchMap":{"0":{"loc":{"start":{"line":52,"column":2},"end":{"line":54,"column":3}},"type":"if","locations":[{"start":{"line":52,"column":2},"end":{"line":54,"column":3}},{"start":{},"end":{}}]},"1":{"loc":{"start":{"line":115,"column":8},"end":{"line":117,"column":51}},"type":"cond-expr","locations":[{"start":{"line":116,"column":12},"end":{"line":116,"column":34}},{"start":{"line":117,"column":12},"end":{"line":117,"column":51}}]},"2":{"loc":{"start":{"line":140,"column":15},"end":{"line":140,"column":68}},"type":"cond-expr","locations":[{"start":{"line":140,"column":23},"end":{"line":140,"column":51}},{"start":{"line":140,"column":54},"end":{"line":140,"column":68}}]},"3":{"loc":{"start":{"line":140,"column":30},"end":{"line":140,"column":50}},"type":"binary-expr","locations":[{"start":{"line":140,"column":30},"end":{"line":140,"column":44}},{"start":{"line":140,"column":48},"end":{"line":140,"column":50}}]},"4":{"loc":{"start":{"line":142,"column":2},"end":{"line":144,"column":3}},"type":"if","locations":[{"start":{"line":142,"column":2},"end":{"line":144,"column":3}},{"start":{},"end":{}}]}},"s":{"0":0,"1":0,"2":0,"3":0,"4":0,"5":0,"6":0,"7":0,"8":0,"9":0,"10":0,"11":0,"12":0,"13":0,"14":0,"15":0,"16":0,"17":0,"18":0,"19":0,"20":0,"21":0,"22":0,"23":0,"24":0,"25":0,"26":0,"27":0,"28":0,"29":0,"30":0,"31":0,"32":0,"33":0,"34":0,"35":0,"36":0,"37":0,"38":0,"39":0,"40":0},"f":{"0":0,"1":0,"2":0,"3":0,"4":0,"5":0,"6":0},"b":{"0":[0,0],"1":[0,0],"2":[0,0],"3":[0,0],"4":[0,0]}}
,"C:\\Users\\KratiGupta\\Desktop\\FINALGRABIES\\Grabies\\frontend\\src\\components\\ui\\input.tsx": {"path":"C:\\Users\\KratiGupta\\Desktop\\FINALGRABIES\\Grabies\\frontend\\src\\components\\ui\\input.tsx","statementMap":{"0":{"start":{"line":21,"column":9},"end":{"line":21,"column":14}},"1":{"start":{"line":1,"column":0},"end":{"line":1,"column":30}},"2":{"start":{"line":3,"column":0},"end":{"line":3,"column":32}},"3":{"start":{"line":6,"column":2},"end":{"line":18,"column":null}}},"fnMap":{"0":{"name":"Input","decl":{"start":{"line":5,"column":9},"end":{"line":5,"column":14}},"loc":{"start":{"line":5,"column":75},"end":{"line":19,"column":1}}}},"branchMap":{},"s":{"0":2,"1":2,"2":2,"3":110},"f":{"0":110},"b":{}}
,"C:\\Users\\KratiGupta\\Desktop\\FINALGRABIES\\Grabies\\frontend\\src\\components\\ui\\label.tsx": {"path":"C:\\Users\\KratiGupta\\Desktop\\FINALGRABIES\\Grabies\\frontend\\src\\components\\ui\\label.tsx","statementMap":{"0":{"start":{"line":22,"column":9},"end":{"line":22,"column":14}},"1":{"start":{"line":1,"column":0},"end":{"line":1,"column":30}},"2":{"start":{"line":2,"column":0},"end":{"line":2,"column":55}},"3":{"start":{"line":4,"column":0},"end":{"line":4,"column":32}},"4":{"start":{"line":10,"column":2},"end":{"line":19,"column":null}}},"fnMap":{"0":{"name":"Label","decl":{"start":{"line":6,"column":9},"end":{"line":6,"column":14}},"loc":{"start":{"line":9,"column":51},"end":{"line":20,"column":1}}}},"branchMap":{},"s":{"0":2,"1":2,"2":2,"3":2,"4":110},"f":{"0":110},"b":{}}
,"C:\\Users\\KratiGupta\\Desktop\\FINALGRABIES\\Grabies\\frontend\\src\\components\\ui\\navigation-menu.tsx": {"path":"C:\\Users\\KratiGupta\\Desktop\\FINALGRABIES\\Grabies\\frontend\\src\\components\\ui\\navigation-menu.tsx","statementMap":{"0":{"start":{"line":159,"column":2},"end":{"line":159,"column":16}},"1":{"start":{"line":160,"column":2},"end":{"line":160,"column":20}},"2":{"start":{"line":161,"column":2},"end":{"line":161,"column":20}},"3":{"start":{"line":162,"column":2},"end":{"line":162,"column":23}},"4":{"start":{"line":163,"column":2},"end":{"line":163,"column":23}},"5":{"start":{"line":164,"column":2},"end":{"line":164,"column":20}},"6":{"start":{"line":165,"column":2},"end":{"line":165,"column":25}},"7":{"start":{"line":166,"column":2},"end":{"line":166,"column":24}},"8":{"start":{"line":1,"column":0},"end":{"line":1,"column":30}},"9":{"start":{"line":2,"column":0},"end":{"line":2,"column":74}},"10":{"start":{"line":3,"column":0},"end":{"line":3,"column":46}},"11":{"start":{"line":4,"column":0},"end":{"line":4,"column":46}},"12":{"start":{"line":6,"column":0},"end":{"line":6,"column":32}},"13":{"start":{"line":16,"column":2},"end":{"line":29,"column":null}},"14":{"start":{"line":36,"column":2},"end":{"line":45,"column":null}},"15":{"start":{"line":52,"column":2},"end":{"line":58,"column":null}},"16":{"start":{"line":61,"column":35},"end":{"line":62,"column":null}},"17":{"start":{"line":167,"column":2},"end":{"line":167,"column":28}},"18":{"start":{"line":70,"column":2},"end":{"line":82,"column":null}},"19":{"start":{"line":89,"column":2},"end":{"line":99,"column":null}},"20":{"start":{"line":106,"column":2},"end":{"line":121,"column":null}},"21":{"start":{"line":128,"column":2},"end":{"line":137,"column":null}},"22":{"start":{"line":144,"column":2},"end":{"line":155,"column":null}}},"fnMap":{"0":{"name":"NavigationMenu","decl":{"start":{"line":8,"column":9},"end":{"line":8,"column":23}},"loc":{"start":{"line":15,"column":1},"end":{"line":30,"column":1}}},"1":{"name":"NavigationMenuList","decl":{"start":{"line":32,"column":9},"end":{"line":32,"column":27}},"loc":{"start":{"line":35,"column":60},"end":{"line":46,"column":1}}},"2":{"name":"NavigationMenuItem","decl":{"start":{"line":48,"column":9},"end":{"line":48,"column":27}},"loc":{"start":{"line":51,"column":60},"end":{"line":59,"column":1}}},"3":{"name":"NavigationMenuTrigger","decl":{"start":{"line":65,"column":9},"end":{"line":65,"column":30}},"loc":{"start":{"line":69,"column":63},"end":{"line":83,"column":1}}},"4":{"name":"NavigationMenuContent","decl":{"start":{"line":85,"column":9},"end":{"line":85,"column":30}},"loc":{"start":{"line":88,"column":63},"end":{"line":100,"column":1}}},"5":{"name":"NavigationMenuViewport","decl":{"start":{"line":102,"column":9},"end":{"line":102,"column":31}},"loc":{"start":{"line":105,"column":64},"end":{"line":122,"column":1}}},"6":{"name":"NavigationMenuLink","decl":{"start":{"line":124,"column":9},"end":{"line":124,"column":27}},"loc":{"start":{"line":127,"column":60},"end":{"line":138,"column":1}}},"7":{"name":"NavigationMenuIndicator","decl":{"start":{"line":140,"column":9},"end":{"line":140,"column":32}},"loc":{"start":{"line":143,"column":65},"end":{"line":156,"column":1}}}},"branchMap":{"0":{"loc":{"start":{"line":11,"column":2},"end":{"line":11,"column":17}},"type":"default-arg","locations":[{"start":{"line":11,"column":13},"end":{"line":11,"column":17}}]},"1":{"loc":{"start":{"line":27,"column":7},"end":{"line":27,"column":45}},"type":"binary-expr","locations":[{"start":{"line":27,"column":7},"end":{"line":27,"column":15}},{"start":{"line":27,"column":19},"end":{"line":27,"column":45}}]}},"s":{"0":0,"1":0,"2":0,"3":0,"4":0,"5":0,"6":0,"7":0,"8":0,"9":0,"10":0,"11":0,"12":0,"13":0,"14":0,"15":0,"16":0,"17":0,"18":0,"19":0,"20":0,"21":0,"22":0},"f":{"0":0,"1":0,"2":0,"3":0,"4":0,"5":0,"6":0,"7":0},"b":{"0":[0],"1":[0,0]}}
,"C:\\Users\\KratiGupta\\Desktop\\FINALGRABIES\\Grabies\\frontend\\src\\components\\ui\\radio-group.tsx": {"path":"C:\\Users\\KratiGupta\\Desktop\\FINALGRABIES\\Grabies\\frontend\\src\\components\\ui\\radio-group.tsx","statementMap":{"0":{"start":{"line":43,"column":9},"end":{"line":43,"column":19}},"1":{"start":{"line":43,"column":21},"end":{"line":43,"column":35}},"2":{"start":{"line":1,"column":0},"end":{"line":1,"column":30}},"3":{"start":{"line":2,"column":0},"end":{"line":2,"column":66}},"4":{"start":{"line":3,"column":0},"end":{"line":3,"column":41}},"5":{"start":{"line":5,"column":0},"end":{"line":5,"column":32}},"6":{"start":{"line":11,"column":2},"end":{"line":17,"column":null}},"7":{"start":{"line":24,"column":2},"end":{"line":40,"column":null}}},"fnMap":{"0":{"name":"RadioGroup","decl":{"start":{"line":7,"column":9},"end":{"line":7,"column":19}},"loc":{"start":{"line":10,"column":56},"end":{"line":18,"column":1}}},"1":{"name":"RadioGroupItem","decl":{"start":{"line":20,"column":9},"end":{"line":20,"column":23}},"loc":{"start":{"line":23,"column":56},"end":{"line":41,"column":1}}}},"branchMap":{},"s":{"0":0,"1":0,"2":0,"3":0,"4":0,"5":0,"6":0,"7":0},"f":{"0":0,"1":0},"b":{}}
,"C:\\Users\\KratiGupta\\Desktop\\FINALGRABIES\\Grabies\\frontend\\src\\components\\ui\\select.tsx": {"path":"C:\\Users\\KratiGupta\\Desktop\\FINALGRABIES\\Grabies\\frontend\\src\\components\\ui\\select.tsx","statementMap":{"0":{"start":{"line":173,"column":2},"end":{"line":173,"column":8}},"1":{"start":{"line":174,"column":2},"end":{"line":174,"column":15}},"2":{"start":{"line":175,"column":2},"end":{"line":175,"column":13}},"3":{"start":{"line":176,"column":2},"end":{"line":176,"column":12}},"4":{"start":{"line":177,"column":2},"end":{"line":177,"column":13}},"5":{"start":{"line":178,"column":2},"end":{"line":178,"column":24}},"6":{"start":{"line":179,"column":2},"end":{"line":179,"column":22}},"7":{"start":{"line":180,"column":2},"end":{"line":180,"column":17}},"8":{"start":{"line":181,"column":2},"end":{"line":181,"column":15}},"9":{"start":{"line":182,"column":2},"end":{"line":182,"column":13}},"10":{"start":{"line":1,"column":0},"end":{"line":1,"column":30}},"11":{"start":{"line":2,"column":0},"end":{"line":2,"column":57}},"12":{"start":{"line":3,"column":0},"end":{"line":3,"column":72}},"13":{"start":{"line":5,"column":0},"end":{"line":5,"column":32}},"14":{"start":{"line":10,"column":2},"end":{"line":10,"column":null}},"15":{"start":{"line":16,"column":2},"end":{"line":16,"column":null}},"16":{"start":{"line":22,"column":2},"end":{"line":22,"column":null}},"17":{"start":{"line":33,"column":2},"end":{"line":48,"column":null}},"18":{"start":{"line":57,"column":2},"end":{"line":83,"column":null}},"19":{"start":{"line":90,"column":2},"end":{"line":96,"column":null}},"20":{"start":{"line":104,"column":2},"end":{"line":120,"column":null}},"21":{"start":{"line":127,"column":2},"end":{"line":133,"column":null}},"22":{"start":{"line":140,"column":2},"end":{"line":151,"column":null}},"23":{"start":{"line":158,"column":2},"end":{"line":169,"column":null}}},"fnMap":{"0":{"name":"Select","decl":{"start":{"line":7,"column":9},"end":{"line":7,"column":15}},"loc":{"start":{"line":9,"column":52},"end":{"line":11,"column":1}}},"1":{"name":"SelectGroup","decl":{"start":{"line":13,"column":9},"end":{"line":13,"column":20}},"loc":{"start":{"line":15,"column":53},"end":{"line":17,"column":1}}},"2":{"name":"SelectValue","decl":{"start":{"line":19,"column":9},"end":{"line":19,"column":20}},"loc":{"start":{"line":21,"column":53},"end":{"line":23,"column":1}}},"3":{"name":"SelectTrigger","decl":{"start":{"line":25,"column":9},"end":{"line":25,"column":22}},"loc":{"start":{"line":32,"column":1},"end":{"line":49,"column":1}}},"4":{"name":"SelectContent","decl":{"start":{"line":51,"column":9},"end":{"line":51,"column":22}},"loc":{"start":{"line":56,"column":55},"end":{"line":84,"column":1}}},"5":{"name":"SelectLabel","decl":{"start":{"line":86,"column":9},"end":{"line":86,"column":20}},"loc":{"start":{"line":89,"column":53},"end":{"line":97,"column":1}}},"6":{"name":"SelectItem","decl":{"start":{"line":99,"column":9},"end":{"line":99,"column":19}},"loc":{"start":{"line":103,"column":52},"end":{"line":121,"column":1}}},"7":{"name":"SelectSeparator","decl":{"start":{"line":123,"column":9},"end":{"line":123,"column":24}},"loc":{"start":{"line":126,"column":57},"end":{"line":134,"column":1}}},"8":{"name":"SelectScrollUpButton","decl":{"start":{"line":136,"column":9},"end":{"line":136,"column":29}},"loc":{"start":{"line":139,"column":62},"end":{"line":152,"column":1}}},"9":{"name":"SelectScrollDownButton","decl":{"start":{"line":154,"column":9},"end":{"line":154,"column":31}},"loc":{"start":{"line":157,"column":64},"end":{"line":170,"column":1}}}},"branchMap":{"0":{"loc":{"start":{"line":27,"column":2},"end":{"line":27,"column":18}},"type":"default-arg","locations":[{"start":{"line":27,"column":9},"end":{"line":27,"column":18}}]},"1":{"loc":{"start":{"line":54,"column":2},"end":{"line":54,"column":21}},"type":"default-arg","locations":[{"start":{"line":54,"column":13},"end":{"line":54,"column":21}}]},"2":{"loc":{"start":{"line":63,"column":10},"end":{"line":64,"column":141}},"type":"binary-expr","locations":[{"start":{"line":63,"column":10},"end":{"line":63,"column":31}},{"start":{"line":64,"column":12},"end":{"line":64,"column":141}}]},"3":{"loc":{"start":{"line":74,"column":12},"end":{"line":75,"column":115}},"type":"binary-expr","locations":[{"start":{"line":74,"column":12},"end":{"line":74,"column":33}},{"start":{"line":75,"column":14},"end":{"line":75,"column":115}}]}},"s":{"0":0,"1":0,"2":0,"3":0,"4":0,"5":0,"6":0,"7":0,"8":0,"9":0,"10":0,"11":0,"12":0,"13":0,"14":0,"15":0,"16":0,"17":0,"18":0,"19":0,"20":0,"21":0,"22":0,"23":0},"f":{"0":0,"1":0,"2":0,"3":0,"4":0,"5":0,"6":0,"7":0,"8":0,"9":0},"b":{"0":[0],"1":[0],"2":[0,0],"3":[0,0]}}
,"C:\\Users\\KratiGupta\\Desktop\\FINALGRABIES\\Grabies\\frontend\\src\\components\\ui\\sheet.tsx": {"path":"C:\\Users\\KratiGupta\\Desktop\\FINALGRABIES\\Grabies\\frontend\\src\\components\\ui\\sheet.tsx","statementMap":{"0":{"start":{"line":129,"column":2},"end":{"line":129,"column":7}},"1":{"start":{"line":130,"column":2},"end":{"line":130,"column":14}},"2":{"start":{"line":131,"column":2},"end":{"line":131,"column":12}},"3":{"start":{"line":132,"column":2},"end":{"line":132,"column":14}},"4":{"start":{"line":133,"column":2},"end":{"line":133,"column":13}},"5":{"start":{"line":134,"column":2},"end":{"line":134,"column":13}},"6":{"start":{"line":135,"column":2},"end":{"line":135,"column":12}},"7":{"start":{"line":136,"column":2},"end":{"line":136,"column":18}},"8":{"start":{"line":1,"column":0},"end":{"line":1,"column":30}},"9":{"start":{"line":2,"column":0},"end":{"line":2,"column":56}},"10":{"start":{"line":3,"column":0},"end":{"line":3,"column":36}},"11":{"start":{"line":5,"column":0},"end":{"line":5,"column":32}},"12":{"start":{"line":8,"column":2},"end":{"line":8,"column":null}},"13":{"start":{"line":14,"column":2},"end":{"line":14,"column":null}},"14":{"start":{"line":20,"column":2},"end":{"line":20,"column":null}},"15":{"start":{"line":26,"column":2},"end":{"line":26,"column":null}},"16":{"start":{"line":33,"column":2},"end":{"line":42,"column":null}},"17":{"start":{"line":53,"column":2},"end":{"line":79,"column":null}},"18":{"start":{"line":83,"column":2},"end":{"line":89,"column":null}},"19":{"start":{"line":93,"column":2},"end":{"line":99,"column":null}},"20":{"start":{"line":106,"column":2},"end":{"line":112,"column":null}},"21":{"start":{"line":119,"column":2},"end":{"line":125,"column":null}}},"fnMap":{"0":{"name":"Sheet","decl":{"start":{"line":7,"column":9},"end":{"line":7,"column":14}},"loc":{"start":{"line":7,"column":77},"end":{"line":9,"column":1}}},"1":{"name":"SheetTrigger","decl":{"start":{"line":11,"column":9},"end":{"line":11,"column":21}},"loc":{"start":{"line":13,"column":54},"end":{"line":15,"column":1}}},"2":{"name":"SheetClose","decl":{"start":{"line":17,"column":9},"end":{"line":17,"column":19}},"loc":{"start":{"line":19,"column":52},"end":{"line":21,"column":1}}},"3":{"name":"SheetPortal","decl":{"start":{"line":23,"column":9},"end":{"line":23,"column":20}},"loc":{"start":{"line":25,"column":53},"end":{"line":27,"column":1}}},"4":{"name":"SheetOverlay","decl":{"start":{"line":29,"column":9},"end":{"line":29,"column":21}},"loc":{"start":{"line":32,"column":54},"end":{"line":43,"column":1}}},"5":{"name":"SheetContent","decl":{"start":{"line":45,"column":9},"end":{"line":45,"column":21}},"loc":{"start":{"line":52,"column":1},"end":{"line":80,"column":1}}},"6":{"name":"SheetHeader","decl":{"start":{"line":82,"column":9},"end":{"line":82,"column":20}},"loc":{"start":{"line":82,"column":73},"end":{"line":90,"column":1}}},"7":{"name":"SheetFooter","decl":{"start":{"line":92,"column":9},"end":{"line":92,"column":20}},"loc":{"start":{"line":92,"column":73},"end":{"line":100,"column":1}}},"8":{"name":"SheetTitle","decl":{"start":{"line":102,"column":9},"end":{"line":102,"column":19}},"loc":{"start":{"line":105,"column":52},"end":{"line":113,"column":1}}},"9":{"name":"SheetDescription","decl":{"start":{"line":115,"column":9},"end":{"line":115,"column":25}},"loc":{"start":{"line":118,"column":58},"end":{"line":126,"column":1}}}},"branchMap":{"0":{"loc":{"start":{"line":48,"column":2},"end":{"line":48,"column":16}},"type":"default-arg","locations":[{"start":{"line":48,"column":9},"end":{"line":48,"column":16}}]},"1":{"loc":{"start":{"line":60,"column":10},"end":{"line":61,"column":142}},"type":"binary-expr","locations":[{"start":{"line":60,"column":10},"end":{"line":60,"column":26}},{"start":{"line":61,"column":12},"end":{"line":61,"column":142}}]},"2":{"loc":{"start":{"line":62,"column":10},"end":{"line":63,"column":139}},"type":"binary-expr","locations":[{"start":{"line":62,"column":10},"end":{"line":62,"column":25}},{"start":{"line":63,"column":12},"end":{"line":63,"column":139}}]},"3":{"loc":{"start":{"line":64,"column":10},"end":{"line":65,"column":118}},"type":"binary-expr","locations":[{"start":{"line":64,"column":10},"end":{"line":64,"column":24}},{"start":{"line":65,"column":12},"end":{"line":65,"column":118}}]},"4":{"loc":{"start":{"line":66,"column":10},"end":{"line":67,"column":127}},"type":"binary-expr","locations":[{"start":{"line":66,"column":10},"end":{"line":66,"column":27}},{"start":{"line":67,"column":12},"end":{"line":67,"column":127}}]}},"s":{"0":1,"1":1,"2":1,"3":1,"4":1,"5":1,"6":1,"7":1,"8":1,"9":1,"10":1,"11":1,"12":26,"13":26,"14":1,"15":26,"16":25,"17":26,"18":20,"19":20,"20":20,"21":7},"f":{"0":26,"1":26,"2":1,"3":26,"4":25,"5":26,"6":20,"7":20,"8":20,"9":7},"b":{"0":[26],"1":[26,26],"2":[26,0],"3":[26,0],"4":[26,0]}}
,"C:\\Users\\KratiGupta\\Desktop\\FINALGRABIES\\Grabies\\frontend\\src\\components\\ui\\skeleton.tsx": {"path":"C:\\Users\\KratiGupta\\Desktop\\FINALGRABIES\\Grabies\\frontend\\src\\components\\ui\\skeleton.tsx","statementMap":{"0":{"start":{"line":13,"column":9},"end":{"line":13,"column":17}},"1":{"start":{"line":1,"column":0},"end":{"line":1,"column":32}},"2":{"start":{"line":4,"column":2},"end":{"line":10,"column":null}}},"fnMap":{"0":{"name":"Skeleton","decl":{"start":{"line":3,"column":9},"end":{"line":3,"column":17}},"loc":{"start":{"line":3,"column":70},"end":{"line":11,"column":1}}}},"branchMap":{},"s":{"0":0,"1":0,"2":0},"f":{"0":0},"b":{}}
,"C:\\Users\\KratiGupta\\Desktop\\FINALGRABIES\\Grabies\\frontend\\src\\components\\ui\\switch.tsx": {"path":"C:\\Users\\KratiGupta\\Desktop\\FINALGRABIES\\Grabies\\frontend\\src\\components\\ui\\switch.tsx","statementMap":{"0":{"start":{"line":29,"column":9},"end":{"line":29,"column":15}},"1":{"start":{"line":1,"column":0},"end":{"line":1,"column":30}},"2":{"start":{"line":2,"column":0},"end":{"line":2,"column":57}},"3":{"start":{"line":4,"column":0},"end":{"line":4,"column":32}},"4":{"start":{"line":10,"column":2},"end":{"line":26,"column":null}}},"fnMap":{"0":{"name":"Switch","decl":{"start":{"line":6,"column":9},"end":{"line":6,"column":15}},"loc":{"start":{"line":9,"column":52},"end":{"line":27,"column":1}}}},"branchMap":{},"s":{"0":0,"1":0,"2":0,"3":0,"4":0},"f":{"0":0},"b":{}}
[...]
line":13,"column":0},"end":{"line":13,"column":48}},"7":{"start":{"line":14,"column":0},"end":{"line":14,"column":36}},"8":{"start":{"line":15,"column":0},"end":{"line":15,"column":52}},"9":{"start":{"line":17,"column":21},"end":{"line":17,"column":37}},"10":{"start":{"line":20,"column":2},"end":{"line":28,"column":4}},"11":{"start":{"line":32,"column":25},"end":{"line":32,"column":42}},"12":{"start":{"line":33,"column":16},"end":{"line":33,"column":43}},"13":{"start":{"line":34,"column":32},"end":{"line":34,"column":55}},"14":{"start":{"line":35,"column":34},"end":{"line":35,"column":56}},"15":{"start":{"line":36,"column":26},"end":{"line":36,"column":53}},"16":{"start":{"line":37,"column":32},"end":{"line":37,"column":47}},"17":{"start":{"line":38,"column":36},"end":{"line":38,"column":45}},"18":{"start":{"line":40,"column":38},"end":{"line":47,"column":3}},"19":{"start":{"line":41,"column":4},"end":{"line":46,"column":5}},"20":{"start":{"line":42,"column":21},"end":{"line":42,"column":55}},"21":{"start":{"line":43,"column":6},"end":{"line":43,"column":46}},"22":{"start":{"line":45,"column":6},"end":{"line":45,"column":16}},"23":{"start":{"line":49,"column":37},"end":{"line":51,"column":3}},"24":{"start":{"line":50,"column":4},"end":{"line":50,"column":65}},"25":{"start":{"line":53,"column":2},"end":{"line":75,"column":9}},"26":{"start":{"line":54,"column":33},"end":{"line":72,"column":5}},"27":{"start":{"line":55,"column":6},"end":{"line":71,"column":7}},"28":{"start":{"line":56,"column":28},"end":{"line":56,"column":50}},"29":{"start":{"line":57,"column":8},"end":{"line":57,"column":29}},"30":{"start":{"line":59,"column":8},"end":{"line":67,"column":9}},"31":{"start":{"line":60,"column":32},"end":{"line":60,"column":51}},"32":{"start":{"line":61,"column":22},"end":{"line":61,"column":81}},"33":{"start":{"line":61,"column":66},"end":{"line":61,"column":80}},"34":{"start":{"line":62,"column":10},"end":{"line":62,"column":27}},"35":{"start":{"line":63,"column":10},"end":{"line":63,"column":42}},"36":{"start":{"line":65,"column":32},"end":{"line":65,"column":61}},"37":{"start":{"line":66,"column":10},"end":{"line":66,"column":37}},"38":{"start":{"line":69,"column":8},"end":{"line":69,"column":52}},"39":{"start":{"line":70,"column":8},"end":{"line":70,"column":51}},"40":{"start":{"line":74,"column":4},"end":{"line":74,"column":27}},"41":{"start":{"line":77,"column":2},"end":{"line":94,"column":14}},"42":{"start":{"line":78,"column":4},"end":{"line":78,"column":23}},"43":{"start":{"line":78,"column":16},"end":{"line":78,"column":23}},"44":{"start":{"line":80,"column":25},"end":{"line":91,"column":5}},"45":{"start":{"line":81,"column":6},"end":{"line":81,"column":23}},"46":{"start":{"line":82,"column":6},"end":{"line":90,"column":7}},"47":{"start":{"line":83,"column":21},"end":{"line":83,"column":40}},"48":{"start":{"line":84,"column":8},"end":{"line":84,"column":25}},"49":{"start":{"line":86,"column":8},"end":{"line":86,"column":46}},"50":{"start":{"line":87,"column":8},"end":{"line":87,"column":23}},"51":{"start":{"line":89,"column":8},"end":{"line":89,"column":26}},"52":{"start":{"line":93,"column":4},"end":{"line":93,"column":19}},"53":{"start":{"line":96,"column":2},"end":{"line":102,"column":3}},"54":{"start":{"line":97,"column":4},"end":{"line":101,"column":6}},"55":{"start":{"line":104,"column":2},"end":{"line":112,"column":3}},"56":{"start":{"line":105,"column":4},"end":{"line":111,"column":6}},"57":{"start":{"line":108,"column":10},"end":{"line":108,"column":34}},"58":{"start":{"line":114,"column":2},"end":{"line":121,"column":3}},"59":{"start":{"line":115,"column":4},"end":{"line":120,"column":6}},"60":{"start":{"line":123,"column":26},"end":{"line":138,"column":3}},"61":{"start":{"line":124,"column":28},"end":{"line":124,"column":83}},"62":{"start":{"line":124,"column":52},"end":{"line":124,"column":82}},"63":{"start":{"line":125,"column":4},"end":{"line":128,"column":5}},"64":{"start":{"line":126,"column":6},"end":{"line":126,"column":47}},"65":{"start":{"line":127,"column":6},"end":{"line":127,"column":13}},"66":{"start":{"line":130,"column":4},"end":{"line":137,"column":5}},"67":{"start":{"line":131,"column":6},"end":{"line":131,"column":37}},"68":{"start":{"line":132,"column":6},"end":{"line":132,"column":26}},"69":{"start":{"line":133,"column":6},"end":{"line":133,"column":54}},"70":{"start":{"line":135,"column":6},"end":{"line":135,"column":52}},"71":{"start":{"line":136,"column":6},"end":{"line":136,"column":49}},"72":{"start":{"line":140,"column":31},"end":{"line":171,"column":3}},"73":{"start":{"line":141,"column":22},"end":{"line":141,"column":39}},"74":{"start":{"line":142,"column":25},"end":{"line":142,"column":53}},"75":{"start":{"line":144,"column":4},"end":{"line":170,"column":5}},"76":{"start":{"line":145,"column":6},"end":{"line":152,"column":7}},"77":{"start":{"line":146,"column":8},"end":{"line":151,"column":9}},"78":{"start":{"line":147,"column":10},"end":{"line":147,"column":46}},"79":{"start":{"line":148,"column":10},"end":{"line":148,"column":75}},"80":{"start":{"line":150,"column":10},"end":{"line":150,"column":70}},"81":{"start":{"line":154,"column":22},"end":{"line":154,"column":63}},"82":{"start":{"line":154,"column":46},"end":{"line":154,"column":62}},"83":{"start":{"line":155,"column":6},"end":{"line":155,"column":27}},"84":{"start":{"line":156,"column":6},"end":{"line":156,"column":42}},"85":{"start":{"line":158,"column":6},"end":{"line":165,"column":7}},"86":{"start":{"line":159,"column":8},"end":{"line":164,"column":9}},"87":{"start":{"line":160,"column":10},"end":{"line":160,"column":42}},"88":{"start":{"line":161,"column":10},"end":{"line":161,"column":72}},"89":{"start":{"line":163,"column":10},"end":{"line":163,"column":65}},"90":{"start":{"line":167,"column":22},"end":{"line":167,"column":46}},"91":{"start":{"line":168,"column":6},"end":{"line":168,"column":27}},"92":{"start":{"line":169,"column":6},"end":{"line":169,"column":42}},"93":{"start":{"line":173,"column":23},"end":{"line":173,"column":81}},"94":{"start":{"line":173,"column":45},"end":{"line":173,"column":81}},"95":{"start":{"line":175,"column":2},"end":{"line":197,"column":4}},"96":{"start":{"line":185,"column":12},"end":{"line":186,"column":null}}},"fnMap":{"0":{"name":"SkeletonCard","decl":{"start":{"line":19,"column":16},"end":{"line":19,"column":28}},"loc":{"start":{"line":19,"column":28},"end":{"line":29,"column":1}}},"1":{"name":"SearchResults","decl":{"start":{"line":31,"column":24},"end":{"line":31,"column":37}},"loc":{"start":{"line":31,"column":37},"end":{"line":198,"column":1}}},"2":{"name":"(anonymous_3)","decl":{"start":{"line":40,"column":38},"end":{"line":40,"column":51}},"loc":{"start":{"line":40,"column":53},"end":{"line":47,"column":3}}},"3":{"name":"(anonymous_4)","decl":{"start":{"line":49,"column":37},"end":{"line":49,"column":38}},"loc":{"start":{"line":49,"column":60},"end":{"line":51,"column":3}}},"4":{"name":"(anonymous_5)","decl":{"start":{"line":53,"column":12},"end":{"line":53,"column":15}},"loc":{"start":{"line":53,"column":17},"end":{"line":75,"column":3}}},"5":{"name":"(anonymous_6)","decl":{"start":{"line":54,"column":33},"end":{"line":54,"column":38}},"loc":{"start":{"line":54,"column":44},"end":{"line":72,"column":5}}},"6":{"name":"(anonymous_7)","decl":{"start":{"line":61,"column":40},"end":{"line":61,"column":41}},"loc":{"start":{"line":61,"column":66},"end":{"line":61,"column":80}}},"7":{"name":"(anonymous_8)","decl":{"start":{"line":77,"column":12},"end":{"line":77,"column":15}},"loc":{"start":{"line":77,"column":17},"end":{"line":94,"column":3}}},"8":{"name":"(anonymous_9)","decl":{"start":{"line":80,"column":25},"end":{"line":80,"column":30}},"loc":{"start":{"line":80,"column":36},"end":{"line":91,"column":5}}},"9":{"name":"(anonymous_10)","decl":{"start":{"line":107,"column":39},"end":{"line":107,"column":40}},"loc":{"start":{"line":108,"column":10},"end":{"line":108,"column":34}}},"10":{"name":"(anonymous_11)","decl":{"start":{"line":123,"column":26},"end":{"line":123,"column":31}},"loc":{"start":{"line":123,"column":53},"end":{"line":138,"column":3}}},"11":{"name":"(anonymous_12)","decl":{"start":{"line":124,"column":42},"end":{"line":124,"column":43}},"loc":{"start":{"line":124,"column":52},"end":{"line":124,"column":82}}},"12":{"name":"(anonymous_13)","decl":{"start":{"line":140,"column":31},"end":{"line":140,"column":36}},"loc":{"start":{"line":140,"column":58},"end":{"line":171,"column":3}}},"13":{"name":"(anonymous_14)","decl":{"start":{"line":154,"column":38},"end":{"line":154,"column":39}},"loc":{"start":{"line":154,"column":46},"end":{"line":154,"column":62}}},"14":{"name":"(anonymous_15)","decl":{"start":{"line":173,"column":23},"end":{"line":173,"column":24}},"loc":{"start":{"line":173,"column":45},"end":{"line":173,"column":81}}},"15":{"name":"(anonymous_16)","decl":{"start":{"line":184,"column":23},"end":{"line":184,"column":24}},"loc":{"start":{"line":185,"column":12},"end":{"line":186,"column":null}}}},"branchMap":{"0":{"loc":{"start":{"line":33,"column":16},"end":{"line":33,"column":43}},"type":"binary-expr","locations":[{"start":{"line":33,"column":16},"end":{"line":33,"column":37}},{"start":{"line":33,"column":41},"end":{"line":33,"column":43}}]},"1":{"loc":{"start":{"line":43,"column":13},"end":{"line":43,"column":45}},"type":"cond-expr","locations":[{"start":{"line":43,"column":22},"end":{"line":43,"column":40}},{"start":{"line":43,"column":43},"end":{"line":43,"column":45}}]},"2":{"loc":{"start":{"line":59,"column":8},"end":{"line":67,"column":9}},"type":"if","locations":[{"start":{"line":59,"column":8},"end":{"line":67,"column":9}},{"start":{"line":64,"column":15},"end":{"line":67,"column":9}}]},"3":{"loc":{"start":{"line":78,"column":4},"end":{"line":78,"column":23}},"type":"if","locations":[{"start":{"line":78,"column":4},"end":{"line":78,"column":23}},{"start":{},"end":{}}]},"4":{"loc":{"start":{"line":96,"column":2},"end":{"line":102,"column":3}},"type":"if","locations":[{"start":{"line":96,"column":2},"end":{"line":102,"column":3}},{"start":{},"end":{}}]},"5":{"loc":{"start":{"line":104,"column":2},"end":{"line":112,"column":3}},"type":"if","locations":[{"start":{"line":104,"column":2},"end":{"line":112,"column":3}},{"start":{},"end":{}}]},"6":{"loc":{"start":{"line":114,"column":2},"end":{"line":121,"column":3}},"type":"if","locations":[{"start":{"line":114,"column":2},"end":{"line":121,"column":3}},{"start":{},"end":{}}]},"7":{"loc":{"start":{"line":125,"column":4},"end":{"line":128,"column":5}},"type":"if","locations":[{"start":{"line":125,"column":4},"end":{"line":128,"column":5}},{"start":{},"end":{}}]},"8":{"loc":{"start":{"line":144,"column":4},"end":{"line":170,"column":5}},"type":"if","locations":[{"start":{"line":144,"column":4},"end":{"line":170,"column":5}},{"start":{"line":157,"column":11},"end":{"line":170,"column":5}}]},"9":{"loc":{"start":{"line":145,"column":6},"end":{"line":152,"column":7}},"type":"if","locations":[{"start":{"line":145,"column":6},"end":{"line":152,"column":7}},{"start":{},"end":{}}]},"10":{"loc":{"start":{"line":158,"column":6},"end":{"line":165,"column":7}},"type":"if","locations":[{"start":{"line":158,"column":6},"end":{"line":165,"column":7}},{"start":{},"end":{}}]}},"s":{"0":0,"1":0,"2":0,"3":0,"4":0,"5":0,"6":0,"7":0,"8":0,"9":0,"10":0,"11":0,"12":0,"13":0,"14":0,"15":0,"16":0,"17":0,"18":0,"19":0,"20":0,"21":0,"22":0,"23":0,"24":0,"25":0,"26":0,"27":0,"28":0,"29":0,"30":0,"31":0,"32":0,"33":0,"34":0,"35":0,"36":0,"37":0,"38":0,"39":0,"40":0,"41":0,"42":0,"43":0,"44":0,"45":0,"46":0,"47":0,"48":0,"49":0,"50":0,"51":0,"52":0,"53":0,"54":0,"55":0,"56":0,"57":0,"58":0,"59":0,"60":0,"61":0,"62":0,"63":0,"64":0,"65":0,"66":0,"67":0,"68":0,"69":0,"70":0,"71":0,"72":0,"73":0,"74":0,"75":0,"76":0,"77":0,"78":0,"79":0,"80":0,"81":0,"82":0,"83":0,"84":0,"85":0,"86":0,"87":0,"88":0,"89":0,"90":0,"91":0,"92":0,"93":0,"94":0,"95":0,"96":0},"f":{"0":0,"1":0,"2":0,"3":0,"4":0,"5":0,"6":0,"7":0,"8":0,"9":0,"10":0,"11":0,"12":0,"13":0,"14":0,"15":0},"b":{"0":[0,0],"1":[0,0],"2":[0,0],"3":[0,0],"4":[0,0],"5":[0,0],"6":[0,0],"7":[0,0],"8":[0,0],"9":[0,0],"10":[0,0]}}
,"C:\\Users\\KratiGupta\\Desktop\\FINALGRABIES\\Grabies\\frontend\\src\\pages\\Signup.tsx": {"path":"C:\\Users\\KratiGupta\\Desktop\\FINALGRABIES\\Grabies\\frontend\\src\\pages\\Signup.tsx","statementMap":{"0":{"start":{"line":3,"column":0},"end":{"line":3,"column":24}},"1":{"start":{"line":1,"column":0},"end":{"line":1,"column":54}},"2":{"start":{"line":4,"column":2},"end":{"line":9,"column":null}}},"fnMap":{"0":{"name":"Signup","decl":{"start":{"line":3,"column":24},"end":{"line":3,"column":30}},"loc":{"start":{"line":3,"column":30},"end":{"line":10,"column":1}}}},"branchMap":{},"s":{"0":0,"1":0,"2":0},"f":{"0":0},"b":{}}
,"C:\\Users\\KratiGupta\\Desktop\\FINALGRABIES\\Grabies\\frontend\\src\\pages\\Wishlist.tsx": {"path":"C:\\Users\\KratiGupta\\Desktop\\FINALGRABIES\\Grabies\\frontend\\src\\pages\\Wishlist.tsx","statementMap":{"0":{"start":{"line":10,"column":0},"end":{"line":10,"column":16}},"1":{"start":{"line":21,"column":0},"end":{"line":21,"column":24}},"2":{"start":{"line":1,"column":0},"end":{"line":1,"column":44}},"3":{"start":{"line":2,"column":0},"end":{"line":2,"column":87}},"4":{"start":{"line":3,"column":0},"end":{"line":3,"column":59}},"5":{"start":{"line":5,"column":0},"end":{"line":5,"column":47}},"6":{"start":{"line":6,"column":0},"end":{"line":6,"column":36}},"7":{"start":{"line":7,"column":0},"end":{"line":7,"column":52}},"8":{"start":{"line":8,"column":0},"end":{"line":8,"column":48}},"9":{"start":{"line":11,"column":2},"end":{"line":19,"column":4}},"10":{"start":{"line":22,"column":34},"end":{"line":22,"column":57}},"11":{"start":{"line":23,"column":26},"end":{"line":23,"column":53}},"12":{"start":{"line":24,"column":32},"end":{"line":24,"column":46}},"13":{"start":{"line":26,"column":2},"end":{"line":44,"column":9}},"14":{"start":{"line":27,"column":26},"end":{"line":41,"column":5}},"15":{"start":{"line":28,"column":6},"end":{"line":40,"column":7}},"16":{"start":{"line":29,"column":8},"end":{"line":29,"column":25}},"17":{"start":{"line":30,"column":28},"end":{"line":30,"column":50}},"18":{"start":{"line":31,"column":8},"end":{"line":31,"column":29}},"19":{"start":{"line":32,"column":8},"end":{"line":35,"column":9}},"20":{"start":{"line":33,"column":32},"end":{"line":33,"column":51}},"21":{"start":{"line":34,"column":10},"end":{"line":34,"column":37}},"22":{"start":{"line":37,"column":8},"end":{"line":37,"column":53}},"23":{"start":{"line":39,"column":8},"end":{"line":39,"column":26}},"24":{"start":{"line":43,"column":4},"end":{"line":43,"column":20}},"25":{"start":{"line":46,"column":36},"end":{"line":46,"column":45}},"26":{"start":{"line":48,"column":26},"end":{"line":71,"column":3}},"27":{"start":{"line":49,"column":4},"end":{"line":49,"column":25}},"28":{"start":{"line":49,"column":18},"end":{"line":49,"column":25}},"29":{"start":{"line":51,"column":28},"end":{"line":52,"column":null}},"30":{"start":{"line":52,"column":16},"end":{"line":52,"column":46}},"31":{"start":{"line":55,"column":4},"end":{"line":61,"column":5}},"32":{"start":{"line":56,"column":6},"end":{"line":59,"column":9}},"33":{"start":{"line":60,"column":6},"end":{"line":60,"column":13}},"34":{"start":{"line":63,"column":4},"end":{"line":70,"column":5}},"35":{"start":{"line":64,"column":6},"end":{"line":64,"column":37}},"36":{"start":{"line":65,"column":6},"end":{"line":65,"column":26}},"37":{"start":{"line":66,"column":6},"end":{"line":66,"column":54}},"38":{"start":{"line":68,"column":6},"end":{"line":68,"column":52}},"39":{"start":{"line":69,"column":6},"end":{"line":69,"column":49}},"40":{"start":{"line":74,"column":31},"end":{"line":84,"column":3}},"41":{"start":{"line":75,"column":4},"end":{"line":83,"column":5}},"42":{"start":{"line":76,"column":6},"end":{"line":76,"column":43}},"43":{"start":{"line":77,"column":6},"end":{"line":77,"column":75}},"44":{"start":{"line":77,"column":28},"end":{"line":77,"column":73}},"45":{"start":{"line":77,"column":50},"end":{"line":77,"column":72}},"46":{"start":{"line":79,"column":6},"end":{"line":79,"column":71}},"47":{"start":{"line":81,"column":6},"end":{"line":81,"column":57}},"48":{"start":{"line":82,"column":6},"end":{"line":82,"column":59}},"49":{"start":{"line":86,"column":2},"end":{"line":126,"column":4}},"50":{"start":{"line":100,"column":12},"end":{"line":100,"column":36}},"51":{"start":{"line":114,"column":12},"end":{"line":115,"column":null}}},"fnMap":{"0":{"name":"SkeletonCard","decl":{"start":{"line":10,"column":16},"end":{"line":10,"column":28}},"loc":{"start":{"line":10,"column":28},"end":{"line":20,"column":1}}},"1":{"name":"WishlistPage","decl":{"start":{"line":21,"column":24},"end":{"line":21,"column":36}},"loc":{"start":{"line":21,"column":36},"end":{"line":127,"column":1}}},"2":{"name":"(anonymous_3)","decl":{"start":{"line":26,"column":12},"end":{"line":26,"column":15}},"loc":{"start":{"line":26,"column":17},"end":{"line":44,"column":3}}},"3":{"name":"(anonymous_4)","decl":{"start":{"line":27,"column":26},"end":{"line":27,"column":31}},"loc":{"start":{"line":27,"column":37},"end":{"line":41,"column":5}}},"4":{"name":"(anonymous_5)","decl":{"start":{"line":48,"column":26},"end":{"line":48,"column":31}},"loc":{"start":{"line":48,"column":53},"end":{"line":71,"column":3}}},"5":{"name":"(anonymous_6)","decl":{"start":{"line":52,"column":6},"end":{"line":52,"column":7}},"loc":{"start":{"line":52,"column":16},"end":{"line":52,"column":46}}},"6":{"name":"(anonymous_7)","decl":{"start":{"line":74,"column":31},"end":{"line":74,"column":36}},"loc":{"start":{"line":74,"column":58},"end":{"line":84,"column":3}}},"7":{"name":"(anonymous_8)","decl":{"start":{"line":77,"column":18},"end":{"line":77,"column":19}},"loc":{"start":{"line":77,"column":28},"end":{"line":77,"column":73}}},"8":{"name":"(anonymous_9)","decl":{"start":{"line":77,"column":40},"end":{"line":77,"column":41}},"loc":{"start":{"line":77,"column":50},"end":{"line":77,"column":72}}},"9":{"name":"(anonymous_10)","decl":{"start":{"line":99,"column":34},"end":{"line":99,"column":35}},"loc":{"start":{"line":100,"column":12},"end":{"line":100,"column":36}}},"10":{"name":"(anonymous_11)","decl":{"start":{"line":113,"column":24},"end":{"line":113,"column":25}},"loc":{"start":{"line":114,"column":12},"end":{"line":115,"column":null}}}},"branchMap":{"0":{"loc":{"start":{"line":32,"column":8},"end":{"line":35,"column":9}},"type":"if","locations":[{"start":{"line":32,"column":8},"end":{"line":35,"column":9}},{"start":{},"end":{}}]},"1":{"loc":{"start":{"line":49,"column":4},"end":{"line":49,"column":25}},"type":"if","locations":[{"start":{"line":49,"column":4},"end":{"line":49,"column":25}},{"start":{},"end":{}}]},"2":{"loc":{"start":{"line":55,"column":4},"end":{"line":61,"column":5}},"type":"if","locations":[{"start":{"line":55,"column":4},"end":{"line":61,"column":5}},{"start":{},"end":{}}]},"3":{"loc":{"start":{"line":97,"column":7},"end":{"line":123,"column":null}},"type":"cond-expr","locations":[{"start":{"line":98,"column":8},"end":{"line":101,"column":null}},{"start":{"line":103,"column":10},"end":{"line":123,"column":null}}]},"4":{"loc":{"start":{"line":103,"column":10},"end":{"line":123,"column":null}},"type":"cond-expr","locations":[{"start":{"line":104,"column":8},"end":{"line":109,"column":null}},{"start":{"line":112,"column":8},"end":{"line":122,"column":null}}]}},"s":{"0":0,"1":0,"2":0,"3":0,"4":0,"5":0,"6":0,"7":0,"8":0,"9":0,"10":0,"11":0,"12":0,"13":0,"14":0,"15":0,"16":0,"17":0,"18":0,"19":0,"20":0,"21":0,"22":0,"23":0,"24":0,"25":0,"26":0,"27":0,"28":0,"29":0,"30":0,"31":0,"32":0,"33":0,"34":0,"35":0,"36":0,"37":0,"38":0,"39":0,"40":0,"41":0,"42":0,"43":0,"44":0,"45":0,"46":0,"47":0,"48":0,"49":0,"50":0,"51":0},"f":{"0":0,"1":0,"2":0,"3":0,"4":0,"5":0,"6":0,"7":0,"8":0,"9":0,"10":0},"b":{"0":[0,0],"1":[0,0],"2":[0,0],"3":[0,0],"4":[0,0]}}
}
