TN:
SF:src\App.tsx
FN:21,App
FNF:1
FNH:0
FNDA:0,App
DA:1,0
DA:2,0
DA:3,0
DA:4,0
DA:5,0
DA:6,0
DA:7,0
DA:8,0
DA:9,0
DA:10,0
DA:11,0
DA:12,0
DA:13,0
DA:14,0
DA:15,0
DA:16,0
DA:17,0
DA:18,0
DA:19,0
DA:22,0
DA:62,0
LF:21
LH:0
BRF:0
BRH:0
end_of_record
TN:
SF:src\main.tsx
FNF:0
FNH:0
DA:1,0
DA:2,0
DA:3,0
DA:4,0
DA:5,0
DA:6,0
DA:7,0
DA:10,0
LF:8
LH:0
BRF:0
BRH:0
end_of_record
TN:
SF:src\components\Layout\Footer.tsx
FN:1,Footer
FNF:1
FNH:0
FNDA:0,Footer
DA:1,0
DA:2,0
LF:2
LH:0
BRF:0
BRH:0
end_of_record
TN:
SF:src\components\Layout\Navbar.tsx
FN:21,Navbar
FN:29,(anonymous_2)
FN:39,(anonymous_3)
FN:54,(anonymous_4)
FN:77,(anonymous_5)
FN:94,(anonymous_6)
FN:107,(anonymous_7)
FN:135,(anonymous_8)
FN:143,(anonymous_9)
FN:163,(anonymous_10)
FN:163,(anonymous_11)
FN:179,(anonymous_12)
FN:192,(anonymous_13)
FN:200,(anonymous_14)
FN:228,(anonymous_15)
FNF:15
FNH:0
FNDA:0,Navbar
FNDA:0,(anonymous_2)
FNDA:0,(anonymous_3)
FNDA:0,(anonymous_4)
FNDA:0,(anonymous_5)
FNDA:0,(anonymous_6)
FNDA:0,(anonymous_7)
FNDA:0,(anonymous_8)
FNDA:0,(anonymous_9)
FNDA:0,(anonymous_10)
FNDA:0,(anonymous_11)
FNDA:0,(anonymous_12)
FNDA:0,(anonymous_13)
FNDA:0,(anonymous_14)
FNDA:0,(anonymous_15)
DA:1,0
DA:7,0
DA:13,0
DA:14,0
DA:15,0
DA:16,0
DA:17,0
DA:18,0
DA:19,0
DA:21,0
DA:22,0
DA:23,0
DA:24,0
DA:25,0
DA:26,0
DA:27,0
DA:29,0
DA:30,0
DA:31,0
DA:32,0
DA:33,0
DA:34,0
DA:35,0
DA:39,0
DA:40,0
DA:43,0
DA:55,0
DA:77,0
DA:94,0
DA:107,0
DA:135,0
DA:143,0
DA:163,0
DA:179,0
DA:192,0
DA:200,0
DA:229,0
LF:37
LH:0
BRDA:31,0,0,0
BRDA:31,0,1,0
BRDA:74,1,0,0
BRDA:74,1,1,0
BRDA:85,2,0,0
BRDA:85,2,1,0
BRDA:118,3,0,0
BRDA:118,3,1,0
BRDA:147,4,0,0
BRDA:147,4,1,0
BRDA:170,5,0,0
BRDA:170,5,1,0
BRDA:186,6,0,0
BRDA:186,6,1,0
BRDA:204,7,0,0
BRDA:204,7,1,0
BRDA:241,8,0,0
BRDA:241,8,1,0
BRF:18
BRH:0
end_of_record
TN:
SF:src\components\auth\LoginForm.tsx
FN:21,LoginForm
FN:33,(anonymous_1)
FNF:2
FNH:2
FNDA:11,LoginForm
FNDA:2,(anonymous_1)
DA:1,1
DA:2,1
DA:3,1
DA:4,1
DA:5,1
DA:6,1
DA:7,1
DA:8,1
DA:9,1
DA:10,1
DA:12,1
DA:21,1
DA:26,11
DA:30,11
DA:31,11
DA:33,11
DA:34,2
DA:35,2
DA:36,1
DA:37,1
DA:39,1
DA:43,11
LF:22
LH:22
BRDA:66,0,0,11
BRDA:66,0,1,1
BRDA:75,1,0,11
BRDA:75,1,1,1
BRF:4
BRH:4
end_of_record
TN:
SF:src\components\auth\SignupForm.tsx
FN:28,SignupForm
FN:42,(anonymous_1)
FNF:2
FNH:2
FNDA:11,SignupForm
FNDA:2,(anonymous_1)
DA:1,1
DA:2,1
DA:3,1
DA:4,1
DA:5,1
DA:6,1
DA:7,1
DA:8,1
DA:9,1
DA:10,1
DA:13,1
DA:28,1
DA:29,11
DA:37,11
DA:39,11
DA:40,11
DA:42,11
DA:43,2
DA:44,2
DA:45,1
DA:46,1
DA:48,1
DA:52,11
LF:23
LH:23
BRDA:78,0,0,11
BRDA:78,0,1,1
BRDA:85,1,0,11
BRDA:85,1,1,1
BRDA:92,2,0,11
BRDA:92,2,1,1
BRDA:99,3,0,11
BRDA:99,3,1,1
BRDA:107,4,0,11
BRDA:107,4,1,1
BRDA:112,5,0,11
BRDA:112,5,1,1
BRDA:120,6,0,11
BRDA:120,6,1,1
BRDA:127,7,0,11
BRDA:127,7,1,1
BRF:16
BRH:16
end_of_record
TN:
SF:src\components\product\ExploreMoreFood.tsx
FN:19,ExploreMoreFood
FN:29,(anonymous_1)
FN:33,(anonymous_2)
FNF:3
FNH:0
FNDA:0,ExploreMoreFood
FNDA:0,(anonymous_1)
FNDA:0,(anonymous_2)
DA:1,0
DA:3,0
DA:19,0
DA:20,0
DA:22,0
DA:30,0
DA:34,0
LF:7
LH:0
BRF:0
BRH:0
end_of_record
TN:
SF:src\components\product\ProductCard.tsx
FN:12,ProductCard
FN:36,(anonymous_1)
FN:60,(anonymous_2)
FNF:3
FNH:0
FNDA:0,ProductCard
FNDA:0,(anonymous_1)
FNDA:0,(anonymous_2)
DA:1,0
DA:12,0
DA:19,0
DA:37,0
DA:38,0
DA:61,0
DA:62,0
LF:7
LH:0
BRDA:17,0,0,0
BRDA:34,1,0,0
BRDA:34,1,1,0
BRDA:41,2,0,0
BRDA:41,2,1,0
BRDA:43,3,0,0
BRDA:43,3,1,0
BRDA:64,4,0,0
BRDA:64,4,1,0
BRDA:64,5,0,0
BRDA:64,5,1,0
BRDA:66,6,0,0
BRDA:66,6,1,0
BRDA:66,7,0,0
BRDA:66,7,1,0
BRDA:66,8,0,0
BRDA:66,8,1,0
BRDA:71,9,0,0
BRDA:71,9,1,0
BRDA:71,10,0,0
BRDA:71,10,1,0
BRDA:71,11,0,0
BRDA:71,11,1,0
BRF:23
BRH:0
end_of_record
TN:
SF:src\components\ui\badge.tsx
FN:28,Badge
FNF:1
FNH:0
FNDA:0,Badge
DA:1,0
DA:2,0
DA:3,0
DA:5,0
DA:7,0
DA:35,0
DA:37,0
DA:46,0
LF:8
LH:0
BRDA:31,0,0,0
BRDA:35,1,0,0
BRDA:35,1,1,0
BRF:3
BRH:0
end_of_record
TN:
SF:src\components\ui\breadcrumb.tsx
FN:7,Breadcrumb
FN:11,BreadcrumbList
FN:24,BreadcrumbItem
FN:34,BreadcrumbLink
FN:52,BreadcrumbPage
FN:65,BreadcrumbSeparator
FN:83,BreadcrumbEllipsis
FNF:7
FNH:0
FNDA:0,Breadcrumb
FNDA:0,BreadcrumbList
FNDA:0,BreadcrumbItem
FNDA:0,BreadcrumbLink
FNDA:0,BreadcrumbPage
FNDA:0,BreadcrumbSeparator
FNDA:0,BreadcrumbEllipsis
DA:1,0
DA:2,0
DA:3,0
DA:5,0
DA:8,0
DA:12,0
DA:25,0
DA:41,0
DA:43,0
DA:53,0
DA:70,0
DA:87,0
DA:102,0
DA:103,0
DA:104,0
DA:105,0
DA:106,0
DA:107,0
DA:108,0
LF:19
LH:0
BRDA:41,0,0,0
BRDA:41,0,1,0
BRDA:78,1,0,0
BRDA:78,1,1,0
BRF:4
BRH:0
end_of_record
TN:
SF:src\components\ui\button.tsx
FN:37,Button
FNF:1
FNH:1
FNDA:115,Button
DA:1,3
DA:2,3
DA:3,3
DA:5,3
DA:7,3
DA:47,115
DA:49,115
DA:58,3
LF:8
LH:8
BRDA:41,0,0,115
BRDA:47,1,0,0
BRDA:47,1,1,115
BRF:3
BRH:2
end_of_record
TN:
SF:src\components\ui\card.tsx
FN:5,Card
FN:18,CardHeader
FN:31,CardTitle
FN:41,CardDescription
FN:51,CardAction
FN:64,CardContent
FN:74,CardFooter
FNF:7
FNH:5
FNDA:22,Card
FNDA:22,CardHeader
FNDA:22,CardTitle
FNDA:22,CardDescription
FNDA:0,CardAction
FNDA:22,CardContent
FNDA:0,CardFooter
DA:1,2
DA:3,2
DA:6,22
DA:19,22
DA:32,22
DA:42,22
DA:52,0
DA:65,22
DA:75,0
DA:85,2
DA:86,2
DA:87,2
DA:88,2
DA:89,2
DA:90,2
DA:91,2
LF:16
LH:14
BRF:0
BRH:0
end_of_record
TN:
SF:src\components\ui\carousel.tsx
FN:33,useCarousel
FN:43,Carousel
FN:62,(anonymous_12)
FN:68,(anonymous_13)
FN:72,(anonymous_14)
FN:77,(anonymous_15)
FN:89,(anonymous_16)
FN:94,(anonymous_17)
FN:100,(anonymous_18)
FN:133,CarouselContent
FN:154,CarouselItem
FN:172,CarouselPrevious
FN:202,CarouselNext
FNF:13
FNH:0
FNDA:0,useCarousel
FNDA:0,Carousel
FNDA:0,(anonymous_12)
FNDA:0,(anonymous_13)
FNDA:0,(anonymous_14)
FNDA:0,(anonymous_15)
FNDA:0,(anonymous_16)
FNDA:0,(anonymous_17)
FNDA:0,(anonymous_18)
FNDA:0,CarouselContent
FNDA:0,CarouselItem
FNDA:0,CarouselPrevious
FNDA:0,CarouselNext
DA:1,0
DA:2,0
DA:5,0
DA:7,0
DA:8,0
DA:31,0
DA:34,0
DA:36,0
DA:37,0
DA:40,0
DA:52,0
DA:59,0
DA:60,0
DA:62,0
DA:63,0
DA:64,0
DA:65,0
DA:68,0
DA:69,0
DA:72,0
DA:73,0
DA:76,0
DA:78,0
DA:79,0
DA:80,0
DA:81,0
DA:82,0
DA:83,0
DA:89,0
DA:90,0
DA:91,0
DA:94,0
DA:95,0
DA:96,0
DA:97,0
DA:98,0
DA:100,0
DA:101,0
DA:105,0
DA:134,0
DA:136,0
DA:155,0
DA:157,0
DA:178,0
DA:180,0
DA:208,0
DA:210,0
DA:234,0
DA:235,0
DA:236,0
DA:237,0
DA:238,0
LF:52
LH:0
BRDA:36,0,0,0
BRDA:36,0,1,0
BRDA:44,1,0,0
BRDA:55,2,0,0
BRDA:55,2,1,0
BRDA:63,3,0,0
BRDA:63,3,1,0
BRDA:78,4,0,0
BRDA:78,4,1,0
BRDA:81,5,0,0
BRDA:81,5,1,0
BRDA:90,6,0,0
BRDA:90,6,1,0
BRDA:90,7,0,0
BRDA:90,7,1,0
BRDA:95,8,0,0
BRDA:95,8,1,0
BRDA:112,9,0,0
BRDA:112,9,1,0
BRDA:112,10,0,0
BRDA:112,10,1,0
BRDA:145,11,0,0
BRDA:145,11,1,0
BRDA:164,12,0,0
BRDA:164,12,1,0
BRDA:174,13,0,0
BRDA:175,14,0,0
BRDA:187,15,0,0
BRDA:187,15,1,0
BRDA:204,16,0,0
BRDA:205,17,0,0
BRDA:217,18,0,0
BRDA:217,18,1,0
BRF:33
BRH:0
end_of_record
TN:
SF:src\components\ui\checkbox.tsx
FN:7,Checkbox
FNF:1
FNH:0
FNDA:0,Checkbox
DA:1,0
DA:2,0
DA:3,0
DA:5,0
DA:11,0
DA:30,0
LF:6
LH:0
BRF:0
BRH:0
end_of_record
TN:
SF:src\components\ui\dialog.tsx
FN:7,Dialog
FN:13,DialogTrigger
FN:19,DialogPortal
FN:25,DialogClose
FN:31,DialogOverlay
FN:47,DialogContent
FN:81,DialogHeader
FN:91,DialogFooter
FN:104,DialogTitle
FN:117,DialogDescription
FNF:10
FNH:10
FNDA:6,Dialog
FNDA:6,DialogTrigger
FNDA:6,DialogPortal
FNDA:10,DialogClose
FNDA:7,DialogOverlay
FNDA:6,DialogContent
FNDA:5,DialogHeader
FNDA:5,DialogFooter
FNDA:5,DialogTitle
FNDA:5,DialogDescription
DA:1,1
DA:2,1
DA:3,1
DA:5,1
DA:10,6
DA:16,6
DA:22,6
DA:28,10
DA:35,7
DA:55,6
DA:82,5
DA:92,5
DA:108,5
DA:121,5
DA:131,1
DA:132,1
DA:133,1
DA:134,1
DA:135,1
DA:136,1
DA:137,1
DA:138,1
DA:139,1
DA:140,1
LF:24
LH:24
BRDA:50,0,0,6
BRDA:67,1,0,6
BRDA:67,1,1,6
BRF:3
BRH:3
end_of_record
TN:
SF:src\components\ui\dropdown-menu.tsx
FN:7,DropdownMenu
FN:13,DropdownMenuPortal
FN:21,DropdownMenuTrigger
FN:32,DropdownMenuContent
FN:52,DropdownMenuGroup
FN:60,DropdownMenuItem
FN:83,DropdownMenuCheckboxItem
FN:109,DropdownMenuRadioGroup
FN:120,DropdownMenuRadioItem
FN:144,DropdownMenuLabel
FN:164,DropdownMenuSeparator
FN:177,DropdownMenuShortcut
FN:193,DropdownMenuSub
FN:199,DropdownMenuSubTrigger
FN:223,DropdownMenuSubContent
FNF:15
FNH:0
FNDA:0,DropdownMenu
FNDA:0,DropdownMenuPortal
FNDA:0,DropdownMenuTrigger
FNDA:0,DropdownMenuContent
FNDA:0,DropdownMenuGroup
FNDA:0,DropdownMenuItem
FNDA:0,DropdownMenuCheckboxItem
FNDA:0,DropdownMenuRadioGroup
FNDA:0,DropdownMenuRadioItem
FNDA:0,DropdownMenuLabel
FNDA:0,DropdownMenuSeparator
FNDA:0,DropdownMenuShortcut
FNDA:0,DropdownMenuSub
FNDA:0,DropdownMenuSubTrigger
FNDA:0,DropdownMenuSubContent
DA:1,0
DA:2,0
DA:3,0
DA:5,0
DA:10,0
DA:16,0
DA:24,0
DA:37,0
DA:55,0
DA:69,0
DA:89,0
DA:112,0
DA:125,0
DA:151,0
DA:168,0
DA:181,0
DA:196,0
DA:207,0
DA:227,0
DA:240,0
DA:241,0
DA:242,0
DA:243,0
DA:244,0
DA:245,0
DA:246,0
DA:247,0
DA:248,0
DA:249,0
DA:250,0
DA:251,0
DA:252,0
DA:253,0
DA:254,0
LF:34
LH:0
BRDA:34,0,0,0
BRDA:63,1,0,0
BRF:2
BRH:0
end_of_record
TN:
SF:src\components\ui\form.tsx
FN:32,(anonymous_9)
FN:45,(anonymous_10)
FN:76,FormItem
FN:90,FormLabel
FN:107,FormControl
FN:125,FormDescription
FN:138,FormMessage
FNF:7
FNH:0
FNDA:0,(anonymous_9)
FNDA:0,(anonymous_10)
FNDA:0,FormItem
FNDA:0,FormLabel
FNDA:0,FormControl
FNDA:0,FormDescription
FNDA:0,FormMessage
DA:3,0
DA:5,0
DA:6,0
DA:16,0
DA:17,0
DA:19,0
DA:28,0
DA:32,0
DA:38,0
DA:45,0
DA:46,0
DA:47,0
DA:48,0
DA:49,0
DA:50,0
DA:52,0
DA:53,0
DA:56,0
DA:58,0
DA:72,0
DA:77,0
DA:79,0
DA:94,0
DA:96,0
DA:108,0
DA:110,0
DA:126,0
DA:128,0
DA:139,0
DA:140,0
DA:142,0
DA:143,0
DA:146,0
DA:159,0
DA:160,0
DA:161,0
DA:162,0
DA:163,0
DA:164,0
DA:165,0
DA:166,0
LF:41
LH:0
BRDA:52,0,0,0
BRDA:52,0,1,0
BRDA:115,1,0,0
BRDA:115,1,1,0
BRDA:140,2,0,0
BRDA:140,2,1,0
BRDA:140,3,0,0
BRDA:140,3,1,0
BRDA:142,4,0,0
BRDA:142,4,1,0
BRF:10
BRH:0
end_of_record
TN:
SF:src\components\ui\input.tsx
FN:5,Input
FNF:1
FNH:1
FNDA:110,Input
DA:1,2
DA:3,2
DA:6,110
DA:21,2
LF:4
LH:4
BRF:0
BRH:0
end_of_record
TN:
SF:src\components\ui\label.tsx
FN:6,Label
FNF:1
FNH:1
FNDA:110,Label
DA:1,2
DA:2,2
DA:4,2
DA:10,110
DA:22,2
LF:5
LH:5
BRF:0
BRH:0
end_of_record
TN:
SF:src\components\ui\navigation-menu.tsx
FN:8,NavigationMenu
FN:32,NavigationMenuList
FN:48,NavigationMenuItem
FN:65,NavigationMenuTrigger
FN:85,NavigationMenuContent
FN:102,NavigationMenuViewport
FN:124,NavigationMenuLink
FN:140,NavigationMenuIndicator
FNF:8
FNH:0
FNDA:0,NavigationMenu
FNDA:0,NavigationMenuList
FNDA:0,NavigationMenuItem
FNDA:0,NavigationMenuTrigger
FNDA:0,NavigationMenuContent
FNDA:0,NavigationMenuViewport
FNDA:0,NavigationMenuLink
FNDA:0,NavigationMenuIndicator
DA:1,0
DA:2,0
DA:3,0
DA:4,0
DA:6,0
DA:16,0
DA:36,0
DA:52,0
DA:61,0
DA:70,0
DA:89,0
DA:106,0
DA:128,0
DA:144,0
DA:159,0
DA:160,0
DA:161,0
DA:162,0
DA:163,0
DA:164,0
DA:165,0
DA:166,0
DA:167,0
LF:23
LH:0
BRDA:11,0,0,0
BRDA:27,1,0,0
BRDA:27,1,1,0
BRF:3
BRH:0
end_of_record
TN:
SF:src\components\ui\radio-group.tsx
FN:7,RadioGroup
FN:20,RadioGroupItem
FNF:2
FNH:0
FNDA:0,RadioGroup
FNDA:0,RadioGroupItem
DA:1,0
DA:2,0
DA:3,0
DA:5,0
DA:11,0
DA:24,0
DA:43,0
LF:7
LH:0
BRF:0
BRH:0
end_of_record
TN:
SF:src\components\ui\select.tsx
FN:7,Select
FN:13,SelectGroup
FN:19,SelectValue
FN:25,SelectTrigger
FN:51,SelectContent
FN:86,SelectLabel
FN:99,SelectItem
FN:123,SelectSeparator
FN:136,SelectScrollUpButton
FN:154,SelectScrollDownButton
FNF:10
FNH:0
FNDA:0,Select
FNDA:0,SelectGroup
FNDA:0,SelectValue
FNDA:0,SelectTrigger
FNDA:0,SelectContent
FNDA:0,SelectLabel
FNDA:0,SelectItem
FNDA:0,SelectSeparator
FNDA:0,SelectScrollUpButton
FNDA:0,SelectScrollDownButton
DA:1,0
DA:2,0
DA:3,0
DA:5,0
DA:10,0
DA:16,0
DA:22,0
DA:33,0
DA:57,0
DA:90,0
DA:104,0
DA:127,0
DA:140,0
DA:158,0
DA:173,0
DA:174,0
DA:175,0
DA:176,0
DA:177,0
DA:178,0
DA:179,0
DA:180,0
DA:181,0
DA:182,0
LF:24
LH:0
BRDA:27,0,0,0
BRDA:54,1,0,0
BRDA:63,2,0,0
BRDA:63,2,1,0
BRDA:74,3,0,0
BRDA:74,3,1,0
BRF:6
BRH:0
end_of_record
TN:
SF:src\components\ui\sheet.tsx
FN:7,Sheet
FN:11,SheetTrigger
FN:17,SheetClose
FN:23,SheetPortal
FN:29,SheetOverlay
FN:45,SheetContent
FN:82,SheetHeader
FN:92,SheetFooter
FN:102,SheetTitle
FN:115,SheetDescription
FNF:10
FNH:10
FNDA:26,Sheet
FNDA:26,SheetTrigger
FNDA:1,SheetClose
FNDA:26,SheetPortal
FNDA:25,SheetOverlay
FNDA:26,SheetContent
FNDA:20,SheetHeader
FNDA:20,SheetFooter
FNDA:20,SheetTitle
FNDA:7,SheetDescription
DA:1,1
DA:2,1
DA:3,1
DA:5,1
DA:8,26
DA:14,26
DA:20,1
DA:26,26
DA:33,25
DA:53,26
DA:83,20
DA:93,20
DA:106,20
DA:119,7
DA:129,1
DA:130,1
DA:131,1
DA:132,1
DA:133,1
DA:134,1
DA:135,1
DA:136,1
LF:22
LH:22
BRDA:48,0,0,26
BRDA:60,1,0,26
BRDA:60,1,1,26
BRDA:62,2,0,26
BRDA:62,2,1,0
BRDA:64,3,0,26
BRDA:64,3,1,0
BRDA:66,4,0,26
BRDA:66,4,1,0
BRF:9
BRH:6
end_of_record
TN:
SF:src\components\ui\skeleton.tsx
FN:3,Skeleton
FNF:1
FNH:0
FNDA:0,Skeleton
DA:1,0
DA:4,0
DA:13,0
LF:3
LH:0
BRF:0
BRH:0
end_of_record
TN:
SF:src\components\ui\switch.tsx
FN:6,Switch
FNF:1
FNH:0
FNDA:0,Switch
DA:1,0
DA:2,0
DA:4,0
DA:10,0
DA:29,0
LF:5
LH:0
BRF:0
BRH:0
end_of_record
TN:
SF:src\context\AuthContext.tsx
FN:14,AuthProvider
FN:17,(anonymous_1)
FN:19,(anonymous_2)
FN:20,(anonymous_3)
FN:30,useAuth
FNF:5
FNH:0
FNDA:0,AuthProvider
FNDA:0,(anonymous_1)
FNDA:0,(anonymous_2)
FNDA:0,(anonymous_3)
FNDA:0,useAuth
DA:1,0
DA:9,0
DA:12,0
DA:14,0
DA:15,0
DA:17,0
DA:18,0
DA:19,0
DA:20,0
DA:23,0
DA:30,0
DA:31,0
DA:32,0
DA:33,0
LF:14
LH:0
BRDA:32,0,0,0
BRDA:32,0,1,0
BRF:2
BRH:0
end_of_record
TN:
SF:src\context\CartContext.tsx
FN:28,(anonymous_9)
FN:31,(anonymous_10)
FN:33,(anonymous_11)
FN:46,(anonymous_12)
FN:50,(anonymous_13)
FN:52,(anonymous_14)
FN:56,(anonymous_15)
FN:61,(anonymous_16)
FN:66,(anonymous_17)
FN:88,(anonymous_18)
FNF:10
FNH:0
FNDA:0,(anonymous_9)
FNDA:0,(anonymous_10)
FNDA:0,(anonymous_11)
FNDA:0,(anonymous_12)
FNDA:0,(anonymous_13)
FNDA:0,(anonymous_14)
FNDA:0,(anonymous_15)
FNDA:0,(anonymous_16)
FNDA:0,(anonymous_17)
FNDA:0,(anonymous_18)
DA:1,0
DA:2,0
DA:25,0
DA:28,0
DA:29,0
DA:31,0
DA:32,0
DA:33,0
DA:43,0
DA:46,0
DA:47,0
DA:50,0
DA:52,0
DA:53,0
DA:56,0
DA:57,0
DA:58,0
DA:61,0
DA:62,0
DA:63,0
DA:66,0
DA:67,0
DA:68,0
DA:69,0
DA:72,0
DA:88,0
DA:89,0
DA:90,0
DA:91,0
LF:29
LH:0
BRDA:67,0,0,0
BRDA:67,0,1,0
BRDA:90,1,0,0
BRDA:90,1,1,0
BRF:4
BRH:0
end_of_record
TN:
SF:src\lib\api.ts
FN:11,login
FN:15,signup
FN:19,logout
FN:24,getCurrentUser
FN:25,(anonymous_5)
FN:28,getUserProfile
FN:29,(anonymous_7)
FN:32,getUserAddress
FN:33,(anonymous_9)
FN:37,getProductsByCategory
FN:38,(anonymous_11)
FN:41,getFilteredProducts
FN:48,getAllProducts
FN:49,(anonymous_14)
FN:52,addUserNewAddress
FN:53,(anonymous_16)
FN:56,getProductByName
FN:63,getWishlist
FN:64,(anonymous_19)
FN:67,addToWishlist
FN:71,removeFromWishlist
FN:76,getCart
FN:77,(anonymous_23)
FN:80,addToCart
FN:84,(anonymous_25)
FN:87,removeFromCart
FN:88,(anonymous_27)
FN:92,getOrderById
FN:97,getOrders
FN:102,createOrder
FN:108,createStripeCheckoutSession
FN:112,placeCODOrder
FN:116,confirmPayment
FN:121,search
FNF:34
FNH:0
FNDA:0,login
FNDA:0,signup
FNDA:0,logout
FNDA:0,getCurrentUser
FNDA:0,(anonymous_5)
FNDA:0,getUserProfile
FNDA:0,(anonymous_7)
FNDA:0,getUserAddress
FNDA:0,(anonymous_9)
FNDA:0,getProductsByCategory
FNDA:0,(anonymous_11)
FNDA:0,getFilteredProducts
FNDA:0,getAllProducts
FNDA:0,(anonymous_14)
FNDA:0,addUserNewAddress
FNDA:0,(anonymous_16)
FNDA:0,getProductByName
FNDA:0,getWishlist
FNDA:0,(anonymous_19)
FNDA:0,addToWishlist
FNDA:0,removeFromWishlist
FNDA:0,getCart
FNDA:0,(anonymous_23)
FNDA:0,addToCart
FNDA:0,(anonymous_25)
FNDA:0,removeFromCart
FNDA:0,(anonymous_27)
FNDA:0,getOrderById
FNDA:0,getOrders
FNDA:0,createOrder
FNDA:0,createStripeCheckoutSession
FNDA:0,placeCODOrder
FNDA:0,confirmPayment
FNDA:0,search
DA:1,0
DA:5,0
DA:11,0
DA:12,0
DA:15,0
DA:16,0
DA:19,0
DA:20,0
DA:24,0
DA:25,0
DA:28,0
DA:29,0
DA:32,0
DA:33,0
DA:37,0
DA:38,0
DA:41,0
DA:42,0
DA:45,0
DA:48,0
DA:49,0
DA:52,0
DA:53,0
DA:56,0
DA:57,0
DA:58,0
DA:59,0
DA:63,0
DA:64,0
DA:67,0
DA:68,0
DA:71,0
DA:72,0
DA:76,0
DA:77,0
DA:80,0
DA:81,0
DA:84,0
DA:87,0
DA:88,0
DA:92,0
DA:93,0
DA:94,0
DA:97,0
DA:98,0
DA:99,0
DA:102,0
DA:103,0
DA:104,0
DA:108,0
DA:109,0
DA:112,0
DA:113,0
DA:116,0
DA:117,0
DA:121,0
DA:125,0
DA:126,0
DA:127,0
LF:59
LH:0
BRDA:48,0,0,0
BRDA:48,1,0,0
BRDA:80,2,0,0
BRF:3
BRH:0
end_of_record
TN:
SF:src\lib\utils.ts
FN:4,cn
FNF:1
FNH:1
FNDA:596,cn
DA:1,3
DA:2,3
DA:4,3
DA:5,596
LF:4
LH:4
BRF:0
BRH:0
end_of_record
TN:
SF:src\pages\About.tsx
FN:5,About
FN:6,(anonymous_2)
FNF:2
FNH:0
FNDA:0,About
FNDA:0,(anonymous_2)
DA:1,0
DA:2,0
DA:3,0
DA:5,0
DA:6,0
DA:7,0
DA:12,0
LF:7
LH:0
BRF:0
BRH:0
end_of_record
TN:
SF:src\pages\Cart.tsx
FN:31,Cart
FN:41,(anonymous_1)
FN:45,(anonymous_2)
FN:64,(anonymous_3)
FN:69,(anonymous_4)
FN:78,(anonymous_5)
FN:83,(anonymous_6)
FN:83,(anonymous_7)
FN:89,(anonymous_8)
FN:100,(anonymous_9)
FN:101,(anonymous_10)
FN:111,(anonymous_11)
FN:123,(anonymous_12)
FN:167,(anonymous_13)
FN:168,(anonymous_14)
FN:175,(anonymous_15)
FN:202,(anonymous_16)
FN:217,(anonymous_17)
FN:230,(anonymous_18)
FN:247,(anonymous_19)
FN:249,(anonymous_20)
FN:259,(anonymous_21)
FN:285,(anonymous_22)
FNF:23
FNH:0
FNDA:0,Cart
FNDA:0,(anonymous_1)
FNDA:0,(anonymous_2)
FNDA:0,(anonymous_3)
FNDA:0,(anonymous_4)
FNDA:0,(anonymous_5)
FNDA:0,(anonymous_6)
FNDA:0,(anonymous_7)
FNDA:0,(anonymous_8)
FNDA:0,(anonymous_9)
FNDA:0,(anonymous_10)
FNDA:0,(anonymous_11)
FNDA:0,(anonymous_12)
FNDA:0,(anonymous_13)
FNDA:0,(anonymous_14)
FNDA:0,(anonymous_15)
FNDA:0,(anonymous_16)
FNDA:0,(anonymous_17)
FNDA:0,(anonymous_18)
FNDA:0,(anonymous_19)
FNDA:0,(anonymous_20)
FNDA:0,(anonymous_21)
FNDA:0,(anonymous_22)
DA:1,0
DA:2,0
DA:3,0
DA:4,0
DA:5,0
DA:6,0
DA:7,0
DA:8,0
DA:15,0
DA:17,0
DA:18,0
DA:31,0
DA:32,0
DA:33,0
DA:34,0
DA:35,0
DA:36,0
DA:37,0
DA:38,0
DA:41,0
DA:42,0
DA:43,0
DA:44,0
DA:45,0
DA:56,0
DA:58,0
DA:60,0
DA:64,0
DA:65,0
DA:66,0
DA:69,0
DA:70,0
DA:71,0
DA:72,0
DA:74,0
DA:78,0
DA:79,0
DA:80,0
DA:81,0
DA:82,0
DA:83,0
DA:85,0
DA:89,0
DA:94,0
DA:96,0
DA:97,0
DA:98,0
DA:99,0
DA:100,0
DA:101,0
DA:102,0
DA:106,0
DA:110,0
DA:111,0
DA:115,0
DA:116,0
DA:124,0
DA:147,0
DA:148,0
DA:159,0
DA:167,0
DA:168,0
DA:176,0
DA:203,0
DA:218,0
DA:230,0
DA:248,0
DA:249,0
DA:251,0
DA:260,0
DA:286,0
LF:71
LH:0
BRDA:94,0,0,0
BRDA:94,0,1,0
BRDA:102,1,0,0
BRDA:102,1,1,0
BRDA:115,2,0,0
BRDA:115,2,1,0
BRDA:147,3,0,0
BRDA:147,3,1,0
BRDA:168,4,0,0
BRDA:168,4,1,0
BRDA:251,5,0,0
BRDA:251,5,1,0
BRDA:281,6,0,0
BRDA:281,6,1,0
BRF:14
BRH:0
end_of_record
TN:
SF:src\pages\Checkout.tsx
FN:11,CheckoutPage
FN:20,(anonymous_2)
FN:32,(anonymous_3)
FN:63,(anonymous_4)
FN:79,(anonymous_5)
FNF:5
FNH:0
FNDA:0,CheckoutPage
FNDA:0,(anonymous_2)
FNDA:0,(anonymous_3)
FNDA:0,(anonymous_4)
FNDA:0,(anonymous_5)
DA:1,0
DA:2,0
DA:3,0
DA:4,0
DA:5,0
DA:6,0
DA:7,0
DA:8,0
DA:9,0
DA:11,0
DA:12,0
DA:13,0
DA:14,0
DA:15,0
DA:17,0
DA:18,0
DA:20,0
DA:21,0
DA:22,0
DA:23,0
DA:26,0
DA:27,0
DA:28,0
DA:30,0
DA:32,0
DA:33,0
DA:40,0
DA:41,0
DA:45,0
DA:63,0
DA:79,0
LF:31
LH:0
BRDA:14,0,0,0
BRDA:14,0,1,0
BRDA:21,1,0,0
BRDA:21,1,1,0
BRF:4
BRH:0
end_of_record
TN:
SF:src\pages\CheckoutwithStripe.tsx
FN:25,OrderPage
FN:35,(anonymous_1)
FN:47,(anonymous_2)
FN:48,(anonymous_3)
FN:51,(anonymous_4)
FN:81,(anonymous_5)
FN:83,(anonymous_6)
FN:88,(anonymous_7)
FN:96,(anonymous_8)
FN:167,(anonymous_9)
FNF:10
FNH:0
FNDA:0,OrderPage
FNDA:0,(anonymous_1)
FNDA:0,(anonymous_2)
FNDA:0,(anonymous_3)
FNDA:0,(anonymous_4)
FNDA:0,(anonymous_5)
FNDA:0,(anonymous_6)
FNDA:0,(anonymous_7)
FNDA:0,(anonymous_8)
FNDA:0,(anonymous_9)
DA:1,0
DA:2,0
DA:3,0
DA:8,0
DA:9,0
DA:10,0
DA:25,0
DA:26,0
DA:27,0
DA:28,0
DA:29,0
DA:30,0
DA:32,0
DA:33,0
DA:34,0
DA:35,0
DA:36,0
DA:45,0
DA:47,0
DA:48,0
DA:49,0
DA:50,0
DA:51,0
DA:61,0
DA:63,0
DA:64,0
DA:66,0
DA:67,0
DA:68,0
DA:72,0
DA:74,0
DA:78,0
DA:81,0
DA:82,0
DA:83,0
DA:88,0
DA:89,0
DA:90,0
DA:91,0
DA:93,0
DA:96,0
DA:97,0
DA:98,0
DA:99,0
DA:101,0
DA:102,0
DA:103,0
DA:104,0
DA:106,0
DA:107,0
DA:111,0
DA:112,0
DA:119,0
DA:168,0
LF:54
LH:0
BRDA:63,0,0,0
BRDA:63,0,1,0
BRDA:67,1,0,0
BRDA:67,1,1,0
BRDA:89,2,0,0
BRDA:89,2,1,0
BRDA:97,3,0,0
BRDA:97,3,1,0
BRDA:111,4,0,0
BRDA:111,4,1,0
BRDA:133,5,0,0
BRDA:133,5,1,0
BRDA:140,6,0,0
BRDA:140,6,1,0
BRDA:200,7,0,0
BRDA:200,7,1,0
BRF:16
BRH:0
end_of_record
TN:
SF:src\pages\Home.tsx
FN:41,getWishlistFromLocalStorage
FN:50,saveWishlistToLocalStorage
FN:54,SkeletonCard
FN:65,Home
FN:75,(anonymous_5)
FN:78,(anonymous_6)
FN:78,(anonymous_7)
FN:81,(anonymous_8)
FN:84,(anonymous_9)
FN:88,(anonymous_10)
FN:89,(anonymous_11)
FN:103,(anonymous_12)
FN:104,(anonymous_13)
FN:111,(anonymous_14)
FN:128,(anonymous_15)
FN:135,(anonymous_16)
FN:165,(anonymous_17)
FN:169,(anonymous_18)
FN:190,(anonymous_19)
FN:200,(anonymous_20)
FN:223,(anonymous_21)
FN:226,(anonymous_22)
FN:257,(anonymous_23)
FN:275,(anonymous_24)
FN:278,(anonymous_25)
FNF:25
FNH:0
FNDA:0,getWishlistFromLocalStorage
FNDA:0,saveWishlistToLocalStorage
FNDA:0,SkeletonCard
FNDA:0,Home
FNDA:0,(anonymous_5)
FNDA:0,(anonymous_6)
FNDA:0,(anonymous_7)
FNDA:0,(anonymous_8)
FNDA:0,(anonymous_9)
FNDA:0,(anonymous_10)
FNDA:0,(anonymous_11)
FNDA:0,(anonymous_12)
FNDA:0,(anonymous_13)
FNDA:0,(anonymous_14)
FNDA:0,(anonymous_15)
FNDA:0,(anonymous_16)
FNDA:0,(anonymous_17)
FNDA:0,(anonymous_18)
FNDA:0,(anonymous_19)
FNDA:0,(anonymous_20)
FNDA:0,(anonymous_21)
FNDA:0,(anonymous_22)
FNDA:0,(anonymous_23)
FNDA:0,(anonymous_24)
FNDA:0,(anonymous_25)
DA:1,0
DA:2,0
DA:3,0
DA:4,0
DA:7,0
DA:15,0
DA:16,0
DA:18,0
DA:39,0
DA:42,0
DA:43,0
DA:44,0
DA:46,0
DA:51,0
DA:55,0
DA:65,0
DA:66,0
DA:67,0
DA:68,0
DA:69,0
DA:70,0
DA:71,0
DA:72,0
DA:73,0
DA:75,0
DA:76,0
DA:77,0
DA:78,0
DA:81,0
DA:84,0
DA:85,0
DA:88,0
DA:89,0
DA:90,0
DA:91,0
DA:92,0
DA:93,0
DA:95,0
DA:97,0
DA:100,0
DA:103,0
DA:104,0
DA:105,0
DA:106,0
DA:107,0
DA:109,0
DA:110,0
DA:111,0
DA:112,0
DA:113,0
DA:115,0
DA:116,0
DA:119,0
DA:120,0
DA:121,0
DA:125,0
DA:128,0
DA:129,0
DA:130,0
DA:134,0
DA:135,0
DA:136,0
DA:137,0
DA:139,0
DA:140,0
DA:141,0
DA:142,0
DA:144,0
DA:148,0
DA:149,0
DA:150,0
DA:152,0
DA:153,0
DA:154,0
DA:155,0
DA:157,0
DA:163,0
DA:165,0
DA:166,0
DA:168,0
DA:169,0
DA:172,0
DA:173,0
DA:177,0
DA:180,0
DA:181,0
DA:182,0
DA:183,0
DA:185,0
DA:186,0
DA:190,0
DA:191,0
DA:193,0
DA:201,0
DA:224,0
DA:226,0
DA:257,0
DA:276,0
DA:279,0
LF:99
LH:0
BRDA:44,0,0,0
BRDA:44,0,1,0
BRDA:85,1,0,0
BRDA:85,1,1,0
BRDA:109,2,0,0
BRDA:109,2,1,0
BRDA:134,3,0,0
BRDA:134,3,1,0
BRDA:139,4,0,0
BRDA:139,4,1,0
BRDA:152,5,0,0
BRDA:152,5,1,0
BRDA:166,6,0,0
BRDA:166,6,1,0
BRDA:172,7,0,0
BRDA:172,7,1,0
BRDA:228,8,0,0
BRDA:228,8,1,0
BRDA:274,9,0,0
BRDA:274,9,1,0
BRF:20
BRH:0
end_of_record
TN:
SF:src\pages\Login.tsx
FN:3,Login
FNF:1
FNH:0
FNDA:0,Login
DA:1,0
DA:3,0
DA:4,0
LF:3
LH:0
BRF:0
BRH:0
end_of_record
TN:
SF:src\pages\OrderDetail.tsx
FN:10,OrderDetailPage
FN:18,(anonymous_1)
FN:19,(anonymous_2)
FN:47,(anonymous_3)
FN:84,(anonymous_4)
FN:124,(anonymous_5)
FNF:6
FNH:0
FNDA:0,OrderDetailPage
FNDA:0,(anonymous_1)
FNDA:0,(anonymous_2)
FNDA:0,(anonymous_3)
FNDA:0,(anonymous_4)
FNDA:0,(anonymous_5)
DA:1,0
DA:2,0
DA:3,0
DA:4,0
DA:5,0
DA:6,0
DA:10,0
DA:11,0
DA:12,0
DA:13,0
DA:14,0
DA:16,0
DA:18,0
DA:19,0
DA:20,0
DA:21,0
DA:22,0
DA:23,0
DA:24,0
DA:26,0
DA:28,0
DA:29,0
DA:31,0
DA:34,0
DA:38,0
DA:41,0
DA:42,0
DA:48,0
DA:62,0
DA:63,0
DA:66,0
DA:67,0
DA:72,0
DA:85,0
DA:124,0
LF:35
LH:0
BRDA:20,0,0,0
BRDA:20,0,1,0
BRDA:28,1,0,0
BRDA:28,1,1,0
BRDA:41,2,0,0
BRDA:41,2,1,0
BRDA:62,3,0,0
BRDA:62,3,1,0
BRDA:66,4,0,0
BRDA:66,4,1,0
BRDA:89,5,0,0
BRDA:89,5,1,0
BRF:12
BRH:0
end_of_record
TN:
SF:src\pages\OrderHistory.tsx
FN:10,OrderHistoryPage
FN:13,(anonymous_1)
FN:14,(anonymous_2)
FN:37,(anonymous_3)
FN:55,(anonymous_4)
FN:78,(anonymous_5)
FNF:6
FNH:0
FNDA:0,OrderHistoryPage
FNDA:0,(anonymous_1)
FNDA:0,(anonymous_2)
FNDA:0,(anonymous_3)
FNDA:0,(anonymous_4)
FNDA:0,(anonymous_5)
DA:1,0
DA:2,0
DA:3,0
DA:4,0
DA:5,0
DA:6,0
DA:10,0
DA:11,0
DA:12,0
DA:13,0
DA:14,0
DA:15,0
DA:16,0
DA:17,0
DA:19,0
DA:23,0
DA:26,0
DA:38,0
DA:56,0
DA:78,0
LF:20
LH:0
BRDA:32,0,0,0
BRDA:32,0,1,0
BRDA:57,1,0,0
BRDA:57,1,1,0
BRF:4
BRH:0
end_of_record
TN:
SF:src\pages\OurFood.tsx
FN:18,SkeletonCard
FN:30,OurFood
FN:38,(anonymous_3)
FN:48,(anonymous_4)
FN:52,(anonymous_5)
FN:53,(anonymous_6)
FN:67,(anonymous_7)
FN:68,(anonymous_8)
FN:75,(anonymous_9)
FN:94,(anonymous_10)
FN:98,(anonymous_11)
FN:119,(anonymous_12)
FN:133,(anonymous_13)
FN:152,(anonymous_14)
FN:165,(anonymous_15)
FN:166,(anonymous_16)
FNF:16
FNH:0
FNDA:0,SkeletonCard
FNDA:0,OurFood
FNDA:0,(anonymous_3)
FNDA:0,(anonymous_4)
FNDA:0,(anonymous_5)
FNDA:0,(anonymous_6)
FNDA:0,(anonymous_7)
FNDA:0,(anonymous_8)
FNDA:0,(anonymous_9)
FNDA:0,(anonymous_10)
FNDA:0,(anonymous_11)
FNDA:0,(anonymous_12)
FNDA:0,(anonymous_13)
FNDA:0,(anonymous_14)
FNDA:0,(anonymous_15)
FNDA:0,(anonymous_16)
DA:1,0
DA:2,0
DA:3,0
DA:4,0
DA:5,0
DA:14,0
DA:15,0
DA:16,0
DA:18,0
DA:19,0
DA:30,0
DA:31,0
DA:32,0
DA:33,0
DA:34,0
DA:36,0
DA:38,0
DA:39,0
DA:40,0
DA:41,0
DA:42,0
DA:44,0
DA:48,0
DA:49,0
DA:52,0
DA:53,0
DA:54,0
DA:55,0
DA:56,0
DA:57,0
DA:59,0
DA:61,0
DA:64,0
DA:67,0
DA:68,0
DA:69,0
DA:70,0
DA:71,0
DA:73,0
DA:74,0
DA:75,0
DA:76,0
DA:77,0
DA:79,0
DA:80,0
DA:83,0
DA:84,0
DA:85,0
DA:89,0
DA:92,0
DA:94,0
DA:95,0
DA:97,0
DA:98,0
DA:101,0
DA:102,0
DA:106,0
DA:109,0
DA:110,0
DA:111,0
DA:112,0
DA:114,0
DA:115,0
DA:119,0
DA:120,0
DA:121,0
DA:123,0
DA:124,0
DA:125,0
DA:126,0
DA:127,0
DA:129,0
DA:133,0
DA:134,0
DA:135,0
DA:137,0
DA:138,0
DA:139,0
DA:140,0
DA:142,0
DA:146,0
DA:147,0
DA:148,0
DA:152,0
DA:153,0
DA:155,0
DA:165,0
DA:167,0
LF:88
LH:0
BRDA:41,0,0,0
BRDA:41,0,1,0
BRDA:73,1,0,0
BRDA:73,1,1,0
BRDA:95,2,0,0
BRDA:95,2,1,0
BRDA:101,3,0,0
BRDA:101,3,1,0
BRDA:123,4,0,0
BRDA:123,4,1,0
BRDA:124,5,0,0
BRDA:124,5,1,0
BRDA:137,6,0,0
BRDA:137,6,1,0
BRDA:164,7,0,0
BRDA:164,7,1,0
BRF:16
BRH:0
end_of_record
TN:
SF:src\pages\ProductDetails.tsx
FN:20,ProductDetailDialog
FN:32,(anonymous_2)
FN:33,(anonymous_3)
FN:52,(anonymous_4)
FN:56,(anonymous_5)
FN:124,(anonymous_6)
FNF:6
FNH:0
FNDA:0,ProductDetailDialog
FNDA:0,(anonymous_2)
FNDA:0,(anonymous_3)
FNDA:0,(anonymous_4)
FNDA:0,(anonymous_5)
FNDA:0,(anonymous_6)
DA:1,0
DA:2,0
DA:9,0
DA:10,0
DA:11,0
DA:12,0
DA:20,0
DA:25,0
DA:26,0
DA:27,0
DA:28,0
DA:30,0
DA:32,0
DA:33,0
DA:34,0
DA:35,0
DA:36,0
DA:37,0
DA:38,0
DA:40,0
DA:41,0
DA:43,0
DA:47,0
DA:48,0
DA:52,0
DA:53,0
DA:55,0
DA:56,0
DA:59,0
DA:60,0
DA:64,0
DA:67,0
DA:68,0
DA:69,0
DA:70,0
DA:72,0
DA:73,0
DA:77,0
DA:124,0
LF:39
LH:0
BRDA:47,0,0,0
BRDA:47,0,1,0
BRDA:53,1,0,0
BRDA:53,1,1,0
BRDA:59,2,0,0
BRDA:59,2,1,0
BRDA:86,3,0,0
BRDA:86,3,1,0
BRDA:86,4,0,0
BRDA:86,4,1,0
BRDA:97,5,0,0
BRDA:97,5,1,0
BRDA:119,6,0,0
BRDA:119,6,1,0
BRDA:119,7,0,0
BRDA:119,7,1,0
BRDA:123,8,0,0
BRDA:123,8,1,0
BRDA:126,9,0,0
BRDA:126,9,1,0
BRDA:126,10,0,0
BRDA:126,10,1,0
BRF:22
BRH:0
end_of_record
TN:
SF:src\pages\ProductListing.tsx
FN:33,SkeletonCard
FN:49,ProductListing
FN:66,getWishlistFromLocalStorage
FN:71,(anonymous_4)
FN:77,saveWishlistToLocalStorage
FN:78,(anonymous_6)
FN:82,(anonymous_7)
FN:83,(anonymous_8)
FN:111,(anonymous_9)
FN:112,(anonymous_10)
FN:119,(anonymous_11)
FN:138,(anonymous_12)
FN:142,(anonymous_13)
FN:163,(anonymous_14)
FN:171,(anonymous_15)
FN:179,(anonymous_16)
FN:202,(anonymous_17)
FN:236,(anonymous_18)
FN:239,(anonymous_19)
FN:257,(anonymous_20)
FN:264,(anonymous_21)
FN:280,(anonymous_22)
FN:306,(anonymous_23)
FN:331,(anonymous_24)
FN:351,(anonymous_25)
FN:360,(anonymous_26)
FNF:26
FNH:0
FNDA:0,SkeletonCard
FNDA:0,ProductListing
FNDA:0,getWishlistFromLocalStorage
FNDA:0,(anonymous_4)
FNDA:0,saveWishlistToLocalStorage
FNDA:0,(anonymous_6)
FNDA:0,(anonymous_7)
FNDA:0,(anonymous_8)
FNDA:0,(anonymous_9)
FNDA:0,(anonymous_10)
FNDA:0,(anonymous_11)
FNDA:0,(anonymous_12)
FNDA:0,(anonymous_13)
FNDA:0,(anonymous_14)
FNDA:0,(anonymous_15)
FNDA:0,(anonymous_16)
FNDA:0,(anonymous_17)
FNDA:0,(anonymous_18)
FNDA:0,(anonymous_19)
FNDA:0,(anonymous_20)
FNDA:0,(anonymous_21)
FNDA:0,(anonymous_22)
FNDA:0,(anonymous_23)
FNDA:0,(anonymous_24)
FNDA:0,(anonymous_25)
FNDA:0,(anonymous_26)
DA:1,0
DA:2,0
DA:3,0
DA:12,0
DA:13,0
DA:15,0
DA:22,0
DA:29,0
DA:30,0
DA:31,0
DA:33,0
DA:34,0
DA:49,0
DA:50,0
DA:51,0
DA:52,0
DA:53,0
DA:54,0
DA:55,0
DA:56,0
DA:57,0
DA:58,0
DA:59,0
DA:60,0
DA:61,0
DA:62,0
DA:64,0
DA:67,0
DA:68,0
DA:69,0
DA:70,0
DA:71,0
DA:73,0
DA:78,0
DA:79,0
DA:82,0
DA:83,0
DA:84,0
DA:85,0
DA:86,0
DA:88,0
DA:89,0
DA:90,0
DA:92,0
DA:98,0
DA:101,0
DA:102,0
DA:104,0
DA:108,0
DA:111,0
DA:112,0
DA:113,0
DA:114,0
DA:115,0
DA:117,0
DA:118,0
DA:119,0
DA:120,0
DA:121,0
DA:123,0
DA:124,0
DA:127,0
DA:128,0
DA:129,0
DA:133,0
DA:136,0
DA:138,0
DA:139,0
DA:141,0
DA:142,0
DA:145,0
DA:146,0
DA:150,0
DA:153,0
DA:154,0
DA:155,0
DA:156,0
DA:158,0
DA:159,0
DA:163,0
DA:164,0
DA:165,0
DA:167,0
DA:168,0
DA:169,0
DA:170,0
DA:171,0
DA:172,0
DA:173,0
DA:174,0
DA:176,0
DA:179,0
DA:180,0
DA:181,0
DA:184,0
DA:185,0
DA:186,0
DA:187,0
DA:188,0
DA:189,0
DA:190,0
DA:192,0
DA:195,0
DA:196,0
DA:197,0
DA:202,0
DA:203,0
DA:205,0
DA:237,0
DA:239,0
DA:257,0
DA:265,0
DA:280,0
DA:306,0
DA:332,0
DA:333,0
DA:334,0
DA:335,0
DA:352,0
DA:361,0
LF:120
LH:0
BRDA:69,0,0,0
BRDA:69,0,1,0
BRDA:88,1,0,0
BRDA:88,1,1,0
BRDA:88,2,0,0
BRDA:88,2,1,0
BRDA:88,2,2,0
BRDA:88,2,3,0
BRDA:89,3,0,0
BRDA:89,3,1,0
BRDA:92,4,0,0
BRDA:92,4,1,0
BRDA:93,5,0,0
BRDA:93,5,1,0
BRDA:94,6,0,0
BRDA:94,6,1,0
BRDA:95,7,0,0
BRDA:95,7,1,0
BRDA:96,8,0,0
BRDA:96,8,1,0
BRDA:98,9,0,0
BRDA:98,9,1,0
BRDA:117,10,0,0
BRDA:117,10,1,0
BRDA:139,11,0,0
BRDA:139,11,1,0
BRDA:145,12,0,0
BRDA:145,12,1,0
BRDA:167,13,0,0
BRDA:167,13,1,0
BRDA:168,14,0,0
BRDA:168,14,1,0
BRDA:184,15,0,0
BRDA:184,15,1,0
BRDA:208,16,0,0
BRDA:208,16,1,0
BRDA:241,17,0,0
BRDA:241,17,1,0
BRDA:246,18,0,0
BRDA:246,18,1,0
BRDA:257,19,0,0
BRDA:257,19,1,0
BRDA:258,20,0,0
BRDA:258,20,1,0
BRDA:346,21,0,0
BRDA:346,21,1,0
BRDA:349,22,0,0
BRDA:349,22,1,0
BRDA:356,23,0,0
BRDA:356,23,1,0
BRDA:358,24,0,0
BRDA:358,24,1,0
BRDA:358,24,2,0
BRF:53
BRH:0
end_of_record
TN:
SF:src\pages\Profile.tsx
FN:12,Profile
FN:30,(anonymous_1)
FN:31,(anonymous_2)
FN:48,handleSaveAddress
FN:63,(anonymous_4)
FN:77,(anonymous_5)
FN:96,(anonymous_6)
FN:169,(anonymous_7)
FN:215,(anonymous_8)
FN:251,(anonymous_9)
FN:259,(anonymous_10)
FN:267,(anonymous_11)
FN:275,(anonymous_12)
FN:310,(anonymous_13)
FN:325,(anonymous_14)
FN:333,(anonymous_15)
FN:341,(anonymous_16)
FN:349,(anonymous_17)
FNF:18
FNH:14
FNDA:26,Profile
FNDA:12,(anonymous_1)
FNDA:12,(anonymous_2)
FNDA:1,handleSaveAddress
FNDA:1,(anonymous_4)
FNDA:1,(anonymous_5)
FNDA:5,(anonymous_6)
FNDA:0,(anonymous_7)
FNDA:6,(anonymous_8)
FNDA:1,(anonymous_9)
FNDA:1,(anonymous_10)
FNDA:1,(anonymous_11)
FNDA:1,(anonymous_12)
FNDA:0,(anonymous_13)
FNDA:1,(anonymous_14)
FNDA:2,(anonymous_15)
FNDA:0,(anonymous_16)
FNDA:0,(anonymous_17)
DA:1,1
DA:2,1
DA:3,1
DA:4,1
DA:5,1
DA:6,1
DA:7,1
DA:9,1
DA:10,1
DA:12,1
DA:13,26
DA:14,26
DA:15,26
DA:16,26
DA:17,26
DA:18,26
DA:19,26
DA:21,26
DA:22,26
DA:23,26
DA:24,26
DA:26,26
DA:30,26
DA:31,12
DA:32,12
DA:33,5
DA:34,5
DA:35,5
DA:36,5
DA:37,5
DA:38,5
DA:40,0
DA:45,12
DA:49,1
DA:50,0
DA:51,0
DA:54,1
DA:55,1
DA:62,1
DA:63,1
DA:65,1
DA:66,1
DA:67,1
DA:68,1
DA:70,1
DA:72,0
DA:73,0
DA:77,26
DA:78,1
DA:79,1
DA:80,1
DA:81,1
DA:82,1
DA:83,1
DA:85,0
DA:87,1
DA:91,26
DA:93,26
DA:97,5
DA:98,5
DA:99,0
DA:100,0
DA:169,0
DA:216,6
DA:251,1
DA:259,1
DA:267,1
DA:275,1
DA:310,0
DA:325,1
DA:333,2
DA:341,0
DA:349,0
LF:73
LH:61
BRDA:32,0,0,5
BRDA:32,0,1,7
BRDA:32,1,0,12
BRDA:32,1,1,5
BRDA:49,2,0,0
BRDA:49,2,1,1
BRDA:49,3,0,1
BRDA:49,3,1,1
BRDA:49,3,2,1
BRDA:49,3,3,1
BRDA:91,4,0,0
BRDA:91,4,1,26
BRDA:98,5,0,0
BRDA:98,5,1,5
BRDA:114,6,0,1
BRDA:114,6,1,25
BRDA:133,7,0,1
BRDA:133,7,1,0
BRDA:145,8,0,1
BRDA:145,8,1,0
BRDA:157,9,0,1
BRDA:157,9,1,0
BRDA:180,10,0,6
BRDA:180,10,1,19
BRDA:199,11,0,6
BRDA:199,11,1,0
BRDA:209,12,0,6
BRDA:209,12,1,6
BRDA:320,13,0,19
BRDA:320,13,1,11
BRDA:363,14,0,1
BRDA:363,14,1,18
BRF:32
BRH:25
end_of_record
TN:
SF:src\pages\SearchResults.tsx
FN:19,SkeletonCard
FN:31,SearchResults
FN:40,(anonymous_3)
FN:49,(anonymous_4)
FN:53,(anonymous_5)
FN:54,(anonymous_6)
FN:61,(anonymous_7)
FN:77,(anonymous_8)
FN:80,(anonymous_9)
FN:107,(anonymous_10)
FN:123,(anonymous_11)
FN:124,(anonymous_12)
FN:140,(anonymous_13)
FN:154,(anonymous_14)
FN:173,(anonymous_15)
FN:184,(anonymous_16)
FNF:16
FNH:0
FNDA:0,SkeletonCard
FNDA:0,SearchResults
FNDA:0,(anonymous_3)
FNDA:0,(anonymous_4)
FNDA:0,(anonymous_5)
FNDA:0,(anonymous_6)
FNDA:0,(anonymous_7)
FNDA:0,(anonymous_8)
FNDA:0,(anonymous_9)
FNDA:0,(anonymous_10)
FNDA:0,(anonymous_11)
FNDA:0,(anonymous_12)
FNDA:0,(anonymous_13)
FNDA:0,(anonymous_14)
FNDA:0,(anonymous_15)
FNDA:0,(anonymous_16)
DA:1,0
DA:2,0
DA:3,0
DA:4,0
DA:13,0
DA:14,0
DA:15,0
DA:17,0
DA:19,0
DA:20,0
DA:31,0
DA:32,0
DA:33,0
DA:34,0
DA:35,0
DA:36,0
DA:37,0
DA:38,0
DA:40,0
DA:41,0
DA:42,0
DA:43,0
DA:45,0
DA:49,0
DA:50,0
DA:53,0
DA:54,0
DA:55,0
DA:56,0
DA:57,0
DA:59,0
DA:60,0
DA:61,0
DA:62,0
DA:63,0
DA:65,0
DA:66,0
DA:69,0
DA:70,0
DA:74,0
DA:77,0
DA:78,0
DA:80,0
DA:81,0
DA:82,0
DA:83,0
DA:84,0
DA:86,0
DA:87,0
DA:89,0
DA:93,0
DA:96,0
DA:97,0
DA:104,0
DA:105,0
DA:108,0
DA:114,0
DA:115,0
DA:123,0
DA:124,0
DA:125,0
DA:126,0
DA:127,0
DA:130,0
DA:131,0
DA:132,0
DA:133,0
DA:135,0
DA:136,0
DA:140,0
DA:141,0
DA:142,0
DA:144,0
DA:145,0
DA:146,0
DA:147,0
DA:148,0
DA:150,0
DA:154,0
DA:155,0
DA:156,0
DA:158,0
DA:159,0
DA:160,0
DA:161,0
DA:163,0
DA:167,0
DA:168,0
DA:169,0
DA:173,0
DA:175,0
DA:185,0
LF:92
LH:0
BRDA:33,0,0,0
BRDA:33,0,1,0
BRDA:43,1,0,0
BRDA:43,1,1,0
BRDA:59,2,0,0
BRDA:59,2,1,0
BRDA:78,3,0,0
BRDA:78,3,1,0
BRDA:96,4,0,0
BRDA:96,4,1,0
BRDA:104,5,0,0
BRDA:104,5,1,0
BRDA:114,6,0,0
BRDA:114,6,1,0
BRDA:125,7,0,0
BRDA:125,7,1,0
BRDA:144,8,0,0
BRDA:144,8,1,0
BRDA:145,9,0,0
BRDA:145,9,1,0
BRDA:158,10,0,0
BRDA:158,10,1,0
BRF:22
BRH:0
end_of_record
TN:
SF:src\pages\Signup.tsx
FN:3,Signup
FNF:1
FNH:0
FNDA:0,Signup
DA:1,0
DA:3,0
DA:4,0
LF:3
LH:0
BRF:0
BRH:0
end_of_record
TN:
SF:src\pages\Wishlist.tsx
FN:10,SkeletonCard
FN:21,WishlistPage
FN:26,(anonymous_3)
FN:27,(anonymous_4)
FN:48,(anonymous_5)
FN:52,(anonymous_6)
FN:74,(anonymous_7)
FN:77,(anonymous_8)
FN:77,(anonymous_9)
FN:99,(anonymous_10)
FN:113,(anonymous_11)
FNF:11
FNH:0
FNDA:0,SkeletonCard
FNDA:0,WishlistPage
FNDA:0,(anonymous_3)
FNDA:0,(anonymous_4)
FNDA:0,(anonymous_5)
FNDA:0,(anonymous_6)
FNDA:0,(anonymous_7)
FNDA:0,(anonymous_8)
FNDA:0,(anonymous_9)
FNDA:0,(anonymous_10)
FNDA:0,(anonymous_11)
DA:1,0
DA:2,0
DA:3,0
DA:5,0
DA:6,0
DA:7,0
DA:8,0
DA:10,0
DA:11,0
DA:21,0
DA:22,0
DA:23,0
DA:24,0
DA:26,0
DA:27,0
DA:28,0
DA:29,0
DA:30,0
DA:31,0
DA:32,0
DA:33,0
DA:34,0
DA:37,0
DA:39,0
DA:43,0
DA:46,0
DA:48,0
DA:49,0
DA:51,0
DA:52,0
DA:55,0
DA:56,0
DA:60,0
DA:63,0
DA:64,0
DA:65,0
DA:66,0
DA:68,0
DA:69,0
DA:74,0
DA:75,0
DA:76,0
DA:77,0
DA:79,0
DA:81,0
DA:82,0
DA:86,0
DA:100,0
DA:114,0
LF:49
LH:0
BRDA:32,0,0,0
BRDA:32,0,1,0
BRDA:49,1,0,0
BRDA:49,1,1,0
BRDA:55,2,0,0
BRDA:55,2,1,0
BRDA:97,3,0,0
BRDA:97,3,1,0
BRDA:103,4,0,0
BRDA:103,4,1,0
BRF:10
BRH:0
end_of_record
